mode: set
dish_as_a_service/main.go:19.13,21.16 2 0
dish_as_a_service/main.go:21.16,24.3 2 0
dish_as_a_service/main.go:25.2,28.16 3 0
dish_as_a_service/main.go:28.16,30.3 1 0
dish_as_a_service/main.go:31.2,35.16 4 0
dish_as_a_service/main.go:35.16,38.3 2 0
dish_as_a_service/main.go:40.2,40.21 1 0
dish_as_a_service/main.go:40.21,44.3 3 0
dish_as_a_service/assembly/assembly.go:33.69,36.16 3 0
dish_as_a_service/assembly/assembly.go:36.16,38.3 1 0
dish_as_a_service/assembly/assembly.go:39.2,40.16 2 0
dish_as_a_service/assembly/assembly.go:40.16,42.3 1 0
dish_as_a_service/assembly/assembly.go:43.2,46.27 4 0
dish_as_a_service/assembly/assembly.go:46.27,48.17 2 0
dish_as_a_service/assembly/assembly.go:48.17,50.4 1 0
dish_as_a_service/assembly/assembly.go:52.2,56.33 4 0
dish_as_a_service/assembly/assembly.go:56.33,59.3 2 0
dish_as_a_service/assembly/assembly.go:60.2,74.8 4 0
dish_as_a_service/assembly/assembly.go:77.47,80.33 1 0
dish_as_a_service/assembly/assembly.go:80.33,82.4 1 0
dish_as_a_service/assembly/assembly.go:83.33,85.4 1 0
dish_as_a_service/assembly/assembly.go:86.35,87.37 1 0
dish_as_a_service/assembly/assembly.go:87.37,89.5 1 0
dish_as_a_service/assembly/assembly.go:90.4,90.14 1 0
dish_as_a_service/assembly/assembly.go:95.47,97.33 1 0
dish_as_a_service/assembly/assembly.go:97.33,99.4 1 0
dish_as_a_service/assembly/assembly.go:100.35,101.22 1 0
dish_as_a_service/assembly/assembly.go:101.22,103.5 1 0
dish_as_a_service/assembly/assembly.go:104.4,104.14 1 0
dish_as_a_service/assembly/assembly.go:106.35,108.4 1 0
dish_as_a_service/assembly/assembly.go:109.33,110.37 1 0
dish_as_a_service/assembly/assembly.go:110.37,112.5 1 0
dish_as_a_service/assembly/assembly.go:113.4,113.14 1 0
dish_as_a_service/assembly/locator.go:41.10,64.18 15 0
dish_as_a_service/assembly/locator.go:64.18,68.3 1 0
dish_as_a_service/assembly/locator.go:69.2,111.3 18 0
dish_as_a_service/bot/bot.go:33.107,36.16 2 0
dish_as_a_service/bot/bot.go:36.16,38.3 1 0
dish_as_a_service/bot/bot.go:39.2,41.17 3 0
dish_as_a_service/bot/bot.go:44.85,51.2 1 0
dish_as_a_service/bot/bot.go:53.47,54.12 1 0
dish_as_a_service/bot/bot.go:54.12,58.28 4 0
dish_as_a_service/bot/bot.go:58.28,59.11 1 0
dish_as_a_service/bot/bot.go:60.22,62.11 2 0
dish_as_a_service/bot/bot.go:63.12,63.12 0 0
dish_as_a_service/bot/bot.go:66.4,67.11 2 0
dish_as_a_service/bot/bot.go:68.28,69.12 1 0
dish_as_a_service/bot/bot.go:70.47,71.50 1 0
dish_as_a_service/bot/bot.go:72.13,73.50 1 0
dish_as_a_service/bot/bot.go:75.37,76.62 1 0
dish_as_a_service/bot/bot.go:77.12,78.13 1 0
dish_as_a_service/bot/bot.go:81.4,81.19 1 0
dish_as_a_service/bot/bot.go:81.19,83.13 2 0
dish_as_a_service/bot/bot.go:86.4,87.18 2 0
dish_as_a_service/bot/bot.go:87.18,89.5 1 0
dish_as_a_service/bot/bot.go:92.2,92.12 1 0
dish_as_a_service/bot/bot.go:95.47,98.2 2 0
dish_as_a_service/bot/payment_bot.go:18.67,23.2 1 0
dish_as_a_service/bot/payment_bot.go:27.96,34.16 3 0
dish_as_a_service/bot/payment_bot.go:34.16,36.3 1 0
dish_as_a_service/bot/payment_bot.go:38.2,39.29 2 0
dish_as_a_service/bot/payment_bot.go:39.29,45.3 2 0
dish_as_a_service/bot/payment_bot.go:47.2,58.16 3 0
dish_as_a_service/bot/payment_bot.go:58.16,60.3 1 0
dish_as_a_service/bot/payment_bot.go:62.2,62.12 1 0
dish_as_a_service/bot/api/bot.go:39.47,41.2 1 0
dish_as_a_service/bot/api/bot.go:47.75,49.2 1 0
dish_as_a_service/bot/api/bot.go:55.89,66.16 3 0
dish_as_a_service/bot/api/bot.go:66.16,68.3 1 0
dish_as_a_service/bot/api/bot.go:70.2,72.17 2 0
dish_as_a_service/bot/api/bot.go:76.55,78.2 1 0
dish_as_a_service/bot/api/bot.go:80.40,81.15 1 0
dish_as_a_service/bot/api/bot.go:81.15,83.3 1 0
dish_as_a_service/bot/api/bot.go:85.2,87.29 2 0
dish_as_a_service/bot/api/bot.go:87.29,89.3 1 0
dish_as_a_service/bot/api/bot.go:91.2,91.12 1 0
dish_as_a_service/bot/api/bot.go:95.86,96.15 1 0
dish_as_a_service/bot/api/bot.go:96.15,98.3 1 0
dish_as_a_service/bot/api/bot.go:100.2,105.16 4 0
dish_as_a_service/bot/api/bot.go:105.16,107.3 1 0
dish_as_a_service/bot/api/bot.go:108.2,111.16 3 0
dish_as_a_service/bot/api/bot.go:111.16,113.3 1 0
dish_as_a_service/bot/api/bot.go:114.2,118.16 4 0
dish_as_a_service/bot/api/bot.go:118.16,120.3 1 0
dish_as_a_service/bot/api/bot.go:122.2,122.15 1 0
dish_as_a_service/bot/api/bot.go:122.15,124.3 1 0
dish_as_a_service/bot/api/bot.go:126.2,126.17 1 0
dish_as_a_service/bot/api/bot.go:126.17,129.32 2 0
dish_as_a_service/bot/api/bot.go:129.32,131.4 1 0
dish_as_a_service/bot/api/bot.go:133.3,137.4 1 0
dish_as_a_service/bot/api/bot.go:140.2,140.22 1 0
dish_as_a_service/bot/api/bot.go:146.97,147.16 1 0
dish_as_a_service/bot/api/bot.go:147.16,151.3 3 0
dish_as_a_service/bot/api/bot.go:154.2,155.16 2 0
dish_as_a_service/bot/api/bot.go:155.16,157.3 1 0
dish_as_a_service/bot/api/bot.go:159.2,160.16 2 0
dish_as_a_service/bot/api/bot.go:160.16,162.3 1 0
dish_as_a_service/bot/api/bot.go:164.2,164.18 1 0
dish_as_a_service/bot/api/bot.go:168.107,174.12 3 0
dish_as_a_service/bot/api/bot.go:174.12,178.36 3 0
dish_as_a_service/bot/api/bot.go:178.36,179.53 1 0
dish_as_a_service/bot/api/bot.go:179.53,182.5 2 0
dish_as_a_service/bot/api/bot.go:185.3,185.30 1 0
dish_as_a_service/bot/api/bot.go:185.30,186.31 1 0
dish_as_a_service/bot/api/bot.go:186.31,188.19 2 0
dish_as_a_service/bot/api/bot.go:188.19,191.6 2 0
dish_as_a_service/bot/api/bot.go:193.5,194.19 2 0
dish_as_a_service/bot/api/bot.go:194.19,197.6 2 0
dish_as_a_service/bot/api/bot.go:199.5,199.52 1 0
dish_as_a_service/bot/api/bot.go:199.52,202.6 2 0
dish_as_a_service/bot/api/bot.go:204.5,204.49 1 0
dish_as_a_service/bot/api/bot.go:204.49,205.42 1 0
dish_as_a_service/bot/api/bot.go:205.42,208.7 2 0
dish_as_a_service/bot/api/bot.go:210.10,213.58 2 0
dish_as_a_service/bot/api/bot.go:213.58,216.6 2 0
dish_as_a_service/bot/api/bot.go:221.2,221.15 1 0
dish_as_a_service/bot/api/bot.go:221.15,223.3 1 0
dish_as_a_service/bot/api/bot.go:225.2,228.16 3 0
dish_as_a_service/bot/api/bot.go:228.16,230.3 1 0
dish_as_a_service/bot/api/bot.go:232.2,235.16 3 0
dish_as_a_service/bot/api/bot.go:235.16,237.3 1 0
dish_as_a_service/bot/api/bot.go:238.2,242.16 4 0
dish_as_a_service/bot/api/bot.go:242.16,244.3 1 0
dish_as_a_service/bot/api/bot.go:246.2,246.15 1 0
dish_as_a_service/bot/api/bot.go:246.15,248.3 1 0
dish_as_a_service/bot/api/bot.go:250.2,250.17 1 0
dish_as_a_service/bot/api/bot.go:250.17,253.32 2 0
dish_as_a_service/bot/api/bot.go:253.32,255.4 1 0
dish_as_a_service/bot/api/bot.go:257.3,260.4 1 0
dish_as_a_service/bot/api/bot.go:263.2,263.22 1 0
dish_as_a_service/bot/api/bot.go:269.68,272.16 2 0
dish_as_a_service/bot/api/bot.go:272.16,274.3 1 0
dish_as_a_service/bot/api/bot.go:276.2,276.34 1 0
dish_as_a_service/bot/api/bot.go:284.42,286.16 2 0
dish_as_a_service/bot/api/bot.go:286.16,288.3 1 0
dish_as_a_service/bot/api/bot.go:290.2,293.18 3 0
dish_as_a_service/bot/api/bot.go:299.56,301.2 1 0
dish_as_a_service/bot/api/bot.go:303.54,304.29 1 0
dish_as_a_service/bot/api/bot.go:304.29,305.30 1 0
dish_as_a_service/bot/api/bot.go:305.30,307.4 1 0
dish_as_a_service/bot/api/bot.go:310.2,310.14 1 0
dish_as_a_service/bot/api/bot.go:314.63,316.16 2 0
dish_as_a_service/bot/api/bot.go:316.16,318.3 1 0
dish_as_a_service/bot/api/bot.go:320.2,320.31 1 0
dish_as_a_service/bot/api/bot.go:320.31,325.35 2 0
dish_as_a_service/bot/api/bot.go:325.35,327.4 1 0
dish_as_a_service/bot/api/bot.go:331.3,331.30 1 0
dish_as_a_service/bot/api/bot.go:331.30,333.4 1 0
dish_as_a_service/bot/api/bot.go:336.2,336.44 1 0
dish_as_a_service/bot/api/bot.go:340.44,342.16 2 0
dish_as_a_service/bot/api/bot.go:342.16,344.3 1 0
dish_as_a_service/bot/api/bot.go:346.2,346.12 1 0
dish_as_a_service/bot/api/bot.go:350.79,352.16 2 0
dish_as_a_service/bot/api/bot.go:352.16,354.3 1 0
dish_as_a_service/bot/api/bot.go:356.2,359.22 3 0
dish_as_a_service/bot/api/bot.go:366.100,368.16 2 0
dish_as_a_service/bot/api/bot.go:368.16,370.3 1 0
dish_as_a_service/bot/api/bot.go:372.2,375.27 3 0
dish_as_a_service/bot/api/bot.go:381.61,383.16 2 0
dish_as_a_service/bot/api/bot.go:383.16,385.3 1 0
dish_as_a_service/bot/api/bot.go:387.2,390.18 3 0
dish_as_a_service/bot/api/bot.go:400.70,402.16 2 0
dish_as_a_service/bot/api/bot.go:402.16,404.3 1 0
dish_as_a_service/bot/api/bot.go:406.2,409.21 3 0
dish_as_a_service/bot/api/bot.go:414.58,416.16 2 0
dish_as_a_service/bot/api/bot.go:416.16,418.3 1 0
dish_as_a_service/bot/api/bot.go:420.2,423.18 3 0
dish_as_a_service/bot/api/bot.go:427.71,430.12 2 0
dish_as_a_service/bot/api/bot.go:430.12,431.7 1 0
dish_as_a_service/bot/api/bot.go:431.7,432.11 1 0
dish_as_a_service/bot/api/bot.go:433.31,435.11 2 0
dish_as_a_service/bot/api/bot.go:436.12,436.12 0 0
dish_as_a_service/bot/api/bot.go:439.4,440.18 2 0
dish_as_a_service/bot/api/bot.go:440.18,445.13 4 0
dish_as_a_service/bot/api/bot.go:448.4,448.35 1 0
dish_as_a_service/bot/api/bot.go:448.35,449.41 1 0
dish_as_a_service/bot/api/bot.go:449.41,452.6 2 0
dish_as_a_service/bot/api/bot.go:457.2,457.11 1 0
dish_as_a_service/bot/api/bot.go:461.43,462.15 1 0
dish_as_a_service/bot/api/bot.go:462.15,464.3 1 0
dish_as_a_service/bot/api/bot.go:465.2,465.28 1 0
dish_as_a_service/bot/api/bot.go:469.68,472.72 2 0
dish_as_a_service/bot/api/bot.go:472.72,474.17 2 0
dish_as_a_service/bot/api/bot.go:474.17,480.4 5 0
dish_as_a_service/bot/api/bot.go:482.3,482.16 1 0
dish_as_a_service/bot/api/bot.go:485.2,485.11 1 0
dish_as_a_service/bot/api/bot.go:489.105,492.47 2 0
dish_as_a_service/bot/api/bot.go:492.47,494.17 2 0
dish_as_a_service/bot/api/bot.go:494.17,500.4 5 0
dish_as_a_service/bot/api/bot.go:502.3,503.12 2 0
dish_as_a_service/bot/api/bot.go:506.2,506.11 1 0
dish_as_a_service/bot/api/bot.go:510.67,511.33 1 0
dish_as_a_service/bot/api/bot.go:511.33,514.3 2 0
dish_as_a_service/bot/api/bot.go:516.2,518.16 3 0
dish_as_a_service/bot/api/bot.go:518.16,520.3 1 0
dish_as_a_service/bot/api/bot.go:522.2,522.21 1 0
dish_as_a_service/bot/api/bot.go:531.68,533.16 2 0
dish_as_a_service/bot/api/bot.go:533.16,535.3 1 0
dish_as_a_service/bot/api/bot.go:537.2,537.31 1 0
dish_as_a_service/bot/api/bot.go:537.31,538.39 1 0
dish_as_a_service/bot/api/bot.go:538.39,540.4 1 0
dish_as_a_service/bot/api/bot.go:543.2,548.12 5 0
dish_as_a_service/bot/api/bot.go:552.65,554.16 2 0
dish_as_a_service/bot/api/bot.go:554.16,556.3 1 0
dish_as_a_service/bot/api/bot.go:558.2,561.18 3 0
dish_as_a_service/bot/api/bot.go:568.97,570.16 2 0
dish_as_a_service/bot/api/bot.go:570.16,572.3 1 0
dish_as_a_service/bot/api/bot.go:574.2,577.21 3 0
dish_as_a_service/bot/api/bot.go:581.83,583.16 2 0
dish_as_a_service/bot/api/bot.go:583.16,585.3 1 0
dish_as_a_service/bot/api/bot.go:587.2,590.19 3 0
dish_as_a_service/bot/api/bot.go:594.82,596.16 2 0
dish_as_a_service/bot/api/bot.go:596.16,598.3 1 0
dish_as_a_service/bot/api/bot.go:600.2,603.20 3 0
dish_as_a_service/bot/api/bot.go:607.95,609.16 2 0
dish_as_a_service/bot/api/bot.go:609.16,611.3 1 0
dish_as_a_service/bot/api/bot.go:613.2,616.24 3 0
dish_as_a_service/bot/api/bot.go:620.79,622.16 2 0
dish_as_a_service/bot/api/bot.go:622.16,624.3 1 0
dish_as_a_service/bot/api/bot.go:626.2,629.24 3 0
dish_as_a_service/bot/api/bot.go:633.82,635.16 2 0
dish_as_a_service/bot/api/bot.go:635.16,637.3 1 0
dish_as_a_service/bot/api/bot.go:639.2,642.22 3 0
dish_as_a_service/bot/api/bot.go:646.66,648.16 2 0
dish_as_a_service/bot/api/bot.go:648.16,650.3 1 0
dish_as_a_service/bot/api/bot.go:652.2,655.18 3 0
dish_as_a_service/bot/api/bot.go:659.58,661.2 1 0
dish_as_a_service/bot/api/bot.go:664.94,666.16 2 0
dish_as_a_service/bot/api/bot.go:666.16,668.3 1 0
dish_as_a_service/bot/api/bot.go:670.2,673.22 3 0
dish_as_a_service/bot/api/bot.go:679.77,681.16 2 0
dish_as_a_service/bot/api/bot.go:681.16,683.3 1 0
dish_as_a_service/bot/api/bot.go:685.2,686.16 2 0
dish_as_a_service/bot/api/bot.go:686.16,688.3 1 0
dish_as_a_service/bot/api/bot.go:690.2,693.23 3 0
dish_as_a_service/bot/api/bot.go:703.55,706.27 2 0
dish_as_a_service/bot/api/bot.go:706.27,708.3 1 0
dish_as_a_service/bot/api/bot.go:708.8,708.38 1 0
dish_as_a_service/bot/api/bot.go:708.38,710.3 1 0
dish_as_a_service/bot/api/bot.go:710.8,710.40 1 0
dish_as_a_service/bot/api/bot.go:710.40,717.3 1 0
dish_as_a_service/bot/api/bot.go:717.8,719.3 1 0
dish_as_a_service/bot/api/bot.go:721.2,721.31 1 0
dish_as_a_service/bot/api/configs.go:142.40,144.2 1 0
dish_as_a_service/bot/api/configs.go:146.61,148.2 1 0
dish_as_a_service/bot/api/configs.go:150.39,151.37 1 0
dish_as_a_service/bot/api/configs.go:160.41,162.2 1 0
dish_as_a_service/bot/api/configs.go:164.62,166.2 1 0
dish_as_a_service/bot/api/configs.go:168.40,169.38 1 0
dish_as_a_service/bot/api/configs.go:175.39,177.2 1 0
dish_as_a_service/bot/api/configs.go:179.60,181.16 2 0
dish_as_a_service/bot/api/configs.go:181.16,183.3 1 0
dish_as_a_service/bot/api/configs.go:185.2,186.30 2 0
dish_as_a_service/bot/api/configs.go:189.38,190.36 1 0
dish_as_a_service/bot/api/configs.go:196.38,198.2 1 0
dish_as_a_service/bot/api/configs.go:200.59,201.37 1 0
dish_as_a_service/bot/api/configs.go:204.37,206.2 1 0
dish_as_a_service/bot/api/configs.go:211.37,213.2 1 0
dish_as_a_service/bot/api/configs.go:215.58,216.36 1 0
dish_as_a_service/bot/api/configs.go:219.36,221.2 1 0
dish_as_a_service/bot/api/configs.go:226.41,228.2 1 0
dish_as_a_service/bot/api/configs.go:230.62,231.40 1 0
dish_as_a_service/bot/api/configs.go:234.40,236.2 1 0
dish_as_a_service/bot/api/configs.go:243.37,245.2 1 0
dish_as_a_service/bot/api/configs.go:247.46,249.2 1 0
dish_as_a_service/bot/api/configs.go:257.36,259.2 1 0
dish_as_a_service/bot/api/configs.go:261.45,263.2 1 0
dish_as_a_service/bot/api/configs.go:275.48,286.2 7 0
dish_as_a_service/bot/api/configs.go:294.47,296.2 1 0
dish_as_a_service/bot/api/configs.go:307.47,310.32 2 0
dish_as_a_service/bot/api/configs.go:310.32,312.3 1 0
dish_as_a_service/bot/api/configs.go:312.8,315.3 2 0
dish_as_a_service/bot/api/configs.go:317.2,319.20 2 0
dish_as_a_service/bot/api/configs.go:331.54,333.16 2 0
dish_as_a_service/bot/api/configs.go:333.16,335.3 1 0
dish_as_a_service/bot/api/configs.go:337.2,342.20 5 0
dish_as_a_service/bot/api/configs.go:345.45,347.2 1 0
dish_as_a_service/bot/api/configs.go:357.54,359.16 2 0
dish_as_a_service/bot/api/configs.go:359.16,361.3 1 0
dish_as_a_service/bot/api/configs.go:363.2,366.20 3 0
dish_as_a_service/bot/api/configs.go:369.45,371.2 1 0
dish_as_a_service/bot/api/configs.go:384.58,386.16 2 0
dish_as_a_service/bot/api/configs.go:386.16,388.3 1 0
dish_as_a_service/bot/api/configs.go:390.2,396.20 6 0
dish_as_a_service/bot/api/configs.go:399.49,401.2 1 0
dish_as_a_service/bot/api/configs.go:412.52,414.16 2 0
dish_as_a_service/bot/api/configs.go:414.16,416.3 1 0
dish_as_a_service/bot/api/configs.go:418.2,422.20 4 0
dish_as_a_service/bot/api/configs.go:425.43,427.2 1 0
dish_as_a_service/bot/api/configs.go:429.49,435.25 2 0
dish_as_a_service/bot/api/configs.go:435.25,440.3 1 0
dish_as_a_service/bot/api/configs.go:442.2,442.14 1 0
dish_as_a_service/bot/api/configs.go:457.52,459.16 2 0
dish_as_a_service/bot/api/configs.go:459.16,461.3 1 0
dish_as_a_service/bot/api/configs.go:463.2,470.20 7 0
dish_as_a_service/bot/api/configs.go:473.43,475.2 1 0
dish_as_a_service/bot/api/configs.go:477.49,483.25 2 0
dish_as_a_service/bot/api/configs.go:483.25,488.3 1 0
dish_as_a_service/bot/api/configs.go:490.2,490.14 1 0
dish_as_a_service/bot/api/configs.go:503.55,511.2 5 0
dish_as_a_service/bot/api/configs.go:513.46,515.2 1 0
dish_as_a_service/bot/api/configs.go:517.52,523.25 2 0
dish_as_a_service/bot/api/configs.go:523.25,528.3 1 0
dish_as_a_service/bot/api/configs.go:530.2,530.14 1 0
dish_as_a_service/bot/api/configs.go:538.54,540.2 1 0
dish_as_a_service/bot/api/configs.go:542.45,544.2 1 0
dish_as_a_service/bot/api/configs.go:546.51,551.2 1 0
dish_as_a_service/bot/api/configs.go:564.52,566.16 2 0
dish_as_a_service/bot/api/configs.go:566.16,568.3 1 0
dish_as_a_service/bot/api/configs.go:570.2,576.20 6 0
dish_as_a_service/bot/api/configs.go:579.43,581.2 1 0
dish_as_a_service/bot/api/configs.go:583.49,589.25 2 0
dish_as_a_service/bot/api/configs.go:589.25,594.3 1 0
dish_as_a_service/bot/api/configs.go:596.2,596.14 1 0
dish_as_a_service/bot/api/configs.go:609.56,611.16 2 0
dish_as_a_service/bot/api/configs.go:611.16,613.3 1 0
dish_as_a_service/bot/api/configs.go:615.2,620.20 5 0
dish_as_a_service/bot/api/configs.go:623.47,625.2 1 0
dish_as_a_service/bot/api/configs.go:627.53,633.25 2 0
dish_as_a_service/bot/api/configs.go:633.25,638.3 1 0
dish_as_a_service/bot/api/configs.go:640.2,640.14 1 0
dish_as_a_service/bot/api/configs.go:651.56,658.2 4 0
dish_as_a_service/bot/api/configs.go:660.47,662.2 1 0
dish_as_a_service/bot/api/configs.go:664.53,670.25 2 0
dish_as_a_service/bot/api/configs.go:670.25,675.3 1 0
dish_as_a_service/bot/api/configs.go:677.2,677.14 1 0
dish_as_a_service/bot/api/configs.go:690.52,692.16 2 0
dish_as_a_service/bot/api/configs.go:692.16,694.3 1 0
dish_as_a_service/bot/api/configs.go:696.2,701.20 5 0
dish_as_a_service/bot/api/configs.go:704.43,706.2 1 0
dish_as_a_service/bot/api/configs.go:708.49,714.25 2 0
dish_as_a_service/bot/api/configs.go:714.25,719.3 1 0
dish_as_a_service/bot/api/configs.go:721.2,721.14 1 0
dish_as_a_service/bot/api/configs.go:735.55,746.2 8 0
dish_as_a_service/bot/api/configs.go:748.46,750.2 1 0
dish_as_a_service/bot/api/configs.go:762.70,772.2 7 0
dish_as_a_service/bot/api/configs.go:774.61,776.2 1 0
dish_as_a_service/bot/api/configs.go:783.70,785.2 1 0
dish_as_a_service/bot/api/configs.go:787.61,789.2 1 0
dish_as_a_service/bot/api/configs.go:804.52,817.2 10 0
dish_as_a_service/bot/api/configs.go:819.43,821.2 1 0
dish_as_a_service/bot/api/configs.go:832.54,842.2 6 0
dish_as_a_service/bot/api/configs.go:844.45,846.2 1 0
dish_as_a_service/bot/api/configs.go:865.55,867.16 2 0
dish_as_a_service/bot/api/configs.go:867.16,869.3 1 0
dish_as_a_service/bot/api/configs.go:871.2,872.70 2 0
dish_as_a_service/bot/api/configs.go:872.70,874.3 1 0
dish_as_a_service/bot/api/configs.go:875.2,886.20 11 0
dish_as_a_service/bot/api/configs.go:889.39,891.2 1 0
dish_as_a_service/bot/api/configs.go:899.51,905.2 3 0
dish_as_a_service/bot/api/configs.go:907.42,909.2 1 0
dish_as_a_service/bot/api/configs.go:923.59,930.34 5 0
dish_as_a_service/bot/api/configs.go:930.34,932.3 1 0
dish_as_a_service/bot/api/configs.go:932.8,935.3 2 0
dish_as_a_service/bot/api/configs.go:937.2,937.20 1 0
dish_as_a_service/bot/api/configs.go:940.50,942.2 1 0
dish_as_a_service/bot/api/configs.go:953.64,958.34 3 0
dish_as_a_service/bot/api/configs.go:958.34,960.3 1 0
dish_as_a_service/bot/api/configs.go:960.8,963.3 2 0
dish_as_a_service/bot/api/configs.go:965.2,965.20 1 0
dish_as_a_service/bot/api/configs.go:968.55,970.2 1 0
dish_as_a_service/bot/api/configs.go:978.57,984.2 3 0
dish_as_a_service/bot/api/configs.go:986.48,988.2 1 0
dish_as_a_service/bot/api/configs.go:999.62,1001.16 2 0
dish_as_a_service/bot/api/configs.go:1001.16,1003.3 1 0
dish_as_a_service/bot/api/configs.go:1005.2,1010.20 5 0
dish_as_a_service/bot/api/configs.go:1013.53,1015.2 1 0
dish_as_a_service/bot/api/configs.go:1025.65,1027.16 2 0
dish_as_a_service/bot/api/configs.go:1027.16,1029.3 1 0
dish_as_a_service/bot/api/configs.go:1031.2,1035.20 4 0
dish_as_a_service/bot/api/configs.go:1038.56,1040.2 1 0
dish_as_a_service/bot/api/configs.go:1049.47,1051.2 1 0
dish_as_a_service/bot/api/configs.go:1053.63,1055.16 2 0
dish_as_a_service/bot/api/configs.go:1055.16,1057.3 1 0
dish_as_a_service/bot/api/configs.go:1059.2,1061.20 2 0
dish_as_a_service/bot/api/configs.go:1064.60,1066.2 1 0
dish_as_a_service/bot/api/configs.go:1074.69,1076.2 1 0
dish_as_a_service/bot/api/configs.go:1078.60,1080.2 1 0
dish_as_a_service/bot/api/configs.go:1087.55,1089.2 1 0
dish_as_a_service/bot/api/configs.go:1091.39,1093.2 1 0
dish_as_a_service/bot/api/configs.go:1103.48,1105.2 1 0
dish_as_a_service/bot/api/configs.go:1107.64,1115.2 5 0
dish_as_a_service/bot/api/configs.go:1122.35,1124.2 1 0
dish_as_a_service/bot/api/configs.go:1126.51,1132.2 3 0
dish_as_a_service/bot/api/configs.go:1142.37,1144.2 1 0
dish_as_a_service/bot/api/configs.go:1146.53,1155.2 6 0
dish_as_a_service/bot/api/configs.go:1167.45,1169.2 1 0
dish_as_a_service/bot/api/configs.go:1171.54,1174.23 2 0
dish_as_a_service/bot/api/configs.go:1174.23,1176.3 1 0
dish_as_a_service/bot/api/configs.go:1178.2,1183.20 5 0
dish_as_a_service/bot/api/configs.go:1186.51,1187.31 1 0
dish_as_a_service/bot/api/configs.go:1187.31,1192.3 1 0
dish_as_a_service/bot/api/configs.go:1194.2,1194.12 1 0
dish_as_a_service/bot/api/configs.go:1202.51,1204.2 1 0
dish_as_a_service/bot/api/configs.go:1206.60,1212.2 3 0
dish_as_a_service/bot/api/configs.go:1225.44,1227.2 1 0
dish_as_a_service/bot/api/configs.go:1229.53,1241.2 9 0
dish_as_a_service/bot/api/configs.go:1252.46,1254.2 1 0
dish_as_a_service/bot/api/configs.go:1256.55,1266.2 7 0
dish_as_a_service/bot/api/configs.go:1283.53,1285.2 1 0
dish_as_a_service/bot/api/configs.go:1287.62,1295.2 5 0
dish_as_a_service/bot/api/configs.go:1304.51,1306.2 1 0
dish_as_a_service/bot/api/configs.go:1308.60,1317.2 6 0
dish_as_a_service/bot/api/configs.go:1331.56,1333.2 1 0
dish_as_a_service/bot/api/configs.go:1335.65,1345.2 6 0
dish_as_a_service/bot/api/configs.go:1363.55,1365.2 1 0
dish_as_a_service/bot/api/configs.go:1367.64,1386.2 15 0
dish_as_a_service/bot/api/configs.go:1395.56,1397.2 1 0
dish_as_a_service/bot/api/configs.go:1399.72,1407.2 5 0
dish_as_a_service/bot/api/configs.go:1421.55,1423.2 1 0
dish_as_a_service/bot/api/configs.go:1425.64,1433.2 5 0
dish_as_a_service/bot/api/configs.go:1444.57,1446.2 1 0
dish_as_a_service/bot/api/configs.go:1448.66,1455.2 4 0
dish_as_a_service/bot/api/configs.go:1463.51,1469.2 3 0
dish_as_a_service/bot/api/configs.go:1476.39,1478.2 1 0
dish_as_a_service/bot/api/configs.go:1485.46,1487.2 1 0
dish_as_a_service/bot/api/configs.go:1494.49,1496.2 1 0
dish_as_a_service/bot/api/configs.go:1506.49,1508.2 1 0
dish_as_a_service/bot/api/configs.go:1510.65,1517.2 4 0
dish_as_a_service/bot/api/configs.go:1526.45,1528.2 1 0
dish_as_a_service/bot/api/configs.go:1530.61,1536.2 3 0
dish_as_a_service/bot/api/configs.go:1550.51,1552.2 1 0
dish_as_a_service/bot/api/configs.go:1554.67,1564.2 7 0
dish_as_a_service/bot/api/configs.go:1578.49,1580.2 1 0
dish_as_a_service/bot/api/configs.go:1582.65,1593.2 8 0
dish_as_a_service/bot/api/configs.go:1604.51,1606.2 1 0
dish_as_a_service/bot/api/configs.go:1608.67,1615.2 4 0
dish_as_a_service/bot/api/configs.go:1623.53,1625.2 1 0
dish_as_a_service/bot/api/configs.go:1627.69,1634.2 4 0
dish_as_a_service/bot/api/configs.go:1642.47,1644.2 1 0
dish_as_a_service/bot/api/configs.go:1646.63,1653.2 4 0
dish_as_a_service/bot/api/configs.go:1661.47,1663.2 1 0
dish_as_a_service/bot/api/configs.go:1665.56,1671.2 3 0
dish_as_a_service/bot/api/configs.go:1680.59,1687.2 4 0
dish_as_a_service/bot/api/configs.go:1694.44,1696.2 1 0
dish_as_a_service/bot/api/configs.go:1724.54,1726.16 2 0
dish_as_a_service/bot/api/configs.go:1726.16,1728.3 1 0
dish_as_a_service/bot/api/configs.go:1730.2,1735.68 6 0
dish_as_a_service/bot/api/configs.go:1735.68,1737.3 1 0
dish_as_a_service/bot/api/configs.go:1739.2,1755.20 16 0
dish_as_a_service/bot/api/configs.go:1758.45,1760.2 1 0
dish_as_a_service/bot/api/configs.go:1770.46,1772.2 1 0
dish_as_a_service/bot/api/configs.go:1774.55,1783.2 6 0
dish_as_a_service/bot/api/configs.go:1792.49,1794.2 1 0
dish_as_a_service/bot/api/configs.go:1796.58,1804.2 5 0
dish_as_a_service/bot/api/configs.go:1813.51,1815.2 1 0
dish_as_a_service/bot/api/configs.go:1817.60,1824.2 4 0
dish_as_a_service/bot/api/configs.go:1834.52,1836.2 1 0
dish_as_a_service/bot/api/configs.go:1838.61,1846.2 5 0
dish_as_a_service/bot/api/configs.go:1857.54,1859.2 1 0
dish_as_a_service/bot/api/configs.go:1861.63,1868.2 4 0
dish_as_a_service/bot/api/configs.go:1877.58,1879.2 1 0
dish_as_a_service/bot/api/configs.go:1881.67,1887.2 3 0
dish_as_a_service/bot/api/configs.go:1894.50,1896.2 1 0
dish_as_a_service/bot/api/configs.go:1898.56,1903.2 1 0
dish_as_a_service/bot/api/configs.go:1911.53,1913.2 1 0
dish_as_a_service/bot/api/configs.go:1915.62,1921.2 3 0
dish_as_a_service/bot/api/configs.go:1931.50,1933.2 1 0
dish_as_a_service/bot/api/configs.go:1935.59,1942.2 4 0
dish_as_a_service/bot/api/configs.go:1952.56,1954.2 1 0
dish_as_a_service/bot/api/configs.go:1956.65,1963.2 4 0
dish_as_a_service/bot/api/configs.go:1970.51,1972.2 1 0
dish_as_a_service/bot/api/configs.go:1974.60,1980.2 3 0
dish_as_a_service/bot/api/configs.go:1988.51,1990.2 1 0
dish_as_a_service/bot/api/configs.go:1992.60,1998.2 3 0
dish_as_a_service/bot/api/configs.go:2000.57,2005.2 1 0
dish_as_a_service/bot/api/configs.go:2021.51,2023.2 1 0
dish_as_a_service/bot/api/configs.go:2025.60,2039.2 8 0
dish_as_a_service/bot/api/configs.go:2041.57,2042.30 1 0
dish_as_a_service/bot/api/configs.go:2042.30,2047.3 1 0
dish_as_a_service/bot/api/configs.go:2049.2,2052.4 1 0
dish_as_a_service/bot/api/configs.go:2065.48,2067.2 1 0
dish_as_a_service/bot/api/configs.go:2069.57,2079.2 6 0
dish_as_a_service/bot/api/configs.go:2081.54,2082.30 1 0
dish_as_a_service/bot/api/configs.go:2082.30,2087.3 1 0
dish_as_a_service/bot/api/configs.go:2089.2,2092.4 1 0
dish_as_a_service/bot/api/configs.go:2101.56,2103.2 1 0
dish_as_a_service/bot/api/configs.go:2105.65,2112.2 4 0
dish_as_a_service/bot/api/configs.go:2119.51,2121.2 1 0
dish_as_a_service/bot/api/configs.go:2123.60,2129.2 3 0
dish_as_a_service/bot/api/configs.go:2138.56,2140.2 1 0
dish_as_a_service/bot/api/configs.go:2142.65,2149.2 4 0
dish_as_a_service/bot/api/configs.go:2151.62,2156.2 1 0
dish_as_a_service/bot/api/configs.go:2166.55,2168.2 1 0
dish_as_a_service/bot/api/configs.go:2170.64,2177.2 4 0
dish_as_a_service/bot/api/configs.go:2185.58,2187.2 1 0
dish_as_a_service/bot/api/configs.go:2189.67,2195.2 3 0
dish_as_a_service/bot/api/configs.go:2209.48,2211.2 1 0
dish_as_a_service/bot/api/configs.go:2213.57,2223.2 6 0
dish_as_a_service/bot/api/configs.go:2225.54,2227.2 1 0
dish_as_a_service/bot/api/configs.go:2240.42,2242.2 1 0
dish_as_a_service/bot/api/configs.go:2244.51,2246.16 2 0
dish_as_a_service/bot/api/configs.go:2246.16,2248.3 1 0
dish_as_a_service/bot/api/configs.go:2250.2,2252.20 2 0
dish_as_a_service/bot/api/configs.go:2261.51,2263.2 1 0
dish_as_a_service/bot/api/configs.go:2265.60,2272.2 4 0
dish_as_a_service/bot/api/configs.go:2281.51,2283.2 1 0
dish_as_a_service/bot/api/configs.go:2285.60,2288.73 2 0
dish_as_a_service/bot/api/configs.go:2288.73,2290.3 1 0
dish_as_a_service/bot/api/configs.go:2291.2,2294.20 3 0
dish_as_a_service/bot/api/configs.go:2302.54,2304.2 1 0
dish_as_a_service/bot/api/configs.go:2306.63,2313.2 4 0
dish_as_a_service/bot/api/configs.go:2325.74,2326.32 1 0
dish_as_a_service/bot/api/configs.go:2327.23,2328.28 1 0
dish_as_a_service/bot/api/configs.go:2328.28,2330.4 1 0
dish_as_a_service/bot/api/configs.go:2332.3,2332.11 1 0
dish_as_a_service/bot/api/configs.go:2333.23,2334.28 1 0
dish_as_a_service/bot/api/configs.go:2334.28,2336.4 1 0
dish_as_a_service/bot/api/configs.go:2338.3,2338.46 1 0
dish_as_a_service/bot/api/configs.go:2338.46,2340.4 1 0
dish_as_a_service/bot/api/configs.go:2342.3,2342.11 1 0
dish_as_a_service/bot/api/configs.go:2343.23,2344.28 1 0
dish_as_a_service/bot/api/configs.go:2344.28,2346.4 1 0
dish_as_a_service/bot/api/configs.go:2348.3,2348.46 1 0
dish_as_a_service/bot/api/configs.go:2348.46,2350.4 1 0
dish_as_a_service/bot/api/configs.go:2352.3,2352.11 1 0
dish_as_a_service/bot/api/configs.go:2353.26,2354.28 1 0
dish_as_a_service/bot/api/configs.go:2354.28,2356.4 1 0
dish_as_a_service/bot/api/configs.go:2358.3,2358.46 1 0
dish_as_a_service/bot/api/configs.go:2358.46,2360.4 1 0
dish_as_a_service/bot/api/configs.go:2362.3,2362.11 1 0
dish_as_a_service/bot/api/configs.go:2365.2,2365.12 1 0
dish_as_a_service/bot/api/configs.go:2376.75,2379.32 2 0
dish_as_a_service/bot/api/configs.go:2380.23,2381.28 1 0
dish_as_a_service/bot/api/configs.go:2381.28,2386.4 1 0
dish_as_a_service/bot/api/configs.go:2387.23,2388.28 1 0
dish_as_a_service/bot/api/configs.go:2388.28,2393.4 1 0
dish_as_a_service/bot/api/configs.go:2395.3,2395.46 1 0
dish_as_a_service/bot/api/configs.go:2395.46,2400.4 1 0
dish_as_a_service/bot/api/configs.go:2401.26,2402.28 1 0
dish_as_a_service/bot/api/configs.go:2402.28,2407.4 1 0
dish_as_a_service/bot/api/configs.go:2409.3,2409.46 1 0
dish_as_a_service/bot/api/configs.go:2409.46,2414.4 1 0
dish_as_a_service/bot/api/configs.go:2415.23,2416.28 1 0
dish_as_a_service/bot/api/configs.go:2416.28,2421.4 1 0
dish_as_a_service/bot/api/configs.go:2423.3,2423.46 1 0
dish_as_a_service/bot/api/configs.go:2423.46,2428.4 1 0
dish_as_a_service/bot/api/configs.go:2431.2,2431.14 1 0
dish_as_a_service/bot/api/configs.go:2439.73,2443.37 3 0
dish_as_a_service/bot/api/configs.go:2443.37,2444.64 1 0
dish_as_a_service/bot/api/configs.go:2444.64,2446.4 1 0
dish_as_a_service/bot/api/configs.go:2449.2,2449.17 1 0
dish_as_a_service/bot/api/configs.go:2457.72,2460.37 2 0
dish_as_a_service/bot/api/configs.go:2460.37,2461.61 1 0
dish_as_a_service/bot/api/configs.go:2461.61,2463.4 1 0
dish_as_a_service/bot/api/configs.go:2466.2,2466.14 1 0
dish_as_a_service/bot/api/helpers.go:10.58,19.2 1 0
dish_as_a_service/bot/api/helpers.go:22.72,27.2 1 0
dish_as_a_service/bot/api/helpers.go:34.70,41.2 1 0
dish_as_a_service/bot/api/helpers.go:47.78,53.2 1 0
dish_as_a_service/bot/api/helpers.go:59.86,65.2 1 0
dish_as_a_service/bot/api/helpers.go:73.63,80.2 1 0
dish_as_a_service/bot/api/helpers.go:85.75,94.2 1 0
dish_as_a_service/bot/api/helpers.go:97.63,104.2 1 0
dish_as_a_service/bot/api/helpers.go:107.69,114.2 1 0
dish_as_a_service/bot/api/helpers.go:117.67,124.2 1 0
dish_as_a_service/bot/api/helpers.go:127.63,134.2 1 0
dish_as_a_service/bot/api/helpers.go:137.71,144.2 1 0
dish_as_a_service/bot/api/helpers.go:150.83,158.2 1 0
dish_as_a_service/bot/api/helpers.go:161.63,168.2 1 0
dish_as_a_service/bot/api/helpers.go:172.72,177.2 1 0
dish_as_a_service/bot/api/helpers.go:180.64,187.2 1 0
dish_as_a_service/bot/api/helpers.go:190.64,197.2 1 0
dish_as_a_service/bot/api/helpers.go:200.72,207.2 1 0
dish_as_a_service/bot/api/helpers.go:210.64,217.2 1 0
dish_as_a_service/bot/api/helpers.go:220.70,227.2 1 0
dish_as_a_service/bot/api/helpers.go:230.76,238.2 1 0
dish_as_a_service/bot/api/helpers.go:243.84,251.2 1 0
dish_as_a_service/bot/api/helpers.go:254.93,264.2 1 0
dish_as_a_service/bot/api/helpers.go:270.66,275.2 1 0
dish_as_a_service/bot/api/helpers.go:280.65,286.2 1 0
dish_as_a_service/bot/api/helpers.go:292.41,298.2 1 0
dish_as_a_service/bot/api/helpers.go:303.53,306.16 2 0
dish_as_a_service/bot/api/helpers.go:306.16,308.3 1 0
dish_as_a_service/bot/api/helpers.go:310.2,312.8 1 0
dish_as_a_service/bot/api/helpers.go:319.83,322.16 2 0
dish_as_a_service/bot/api/helpers.go:322.16,324.3 1 0
dish_as_a_service/bot/api/helpers.go:326.2,329.8 1 0
dish_as_a_service/bot/api/helpers.go:333.90,342.2 1 0
dish_as_a_service/bot/api/helpers.go:345.98,355.2 1 0
dish_as_a_service/bot/api/helpers.go:358.100,368.2 1 0
dish_as_a_service/bot/api/helpers.go:371.94,381.2 1 0
dish_as_a_service/bot/api/helpers.go:384.67,390.2 1 0
dish_as_a_service/bot/api/helpers.go:393.81,399.2 1 0
dish_as_a_service/bot/api/helpers.go:402.77,408.2 1 0
dish_as_a_service/bot/api/helpers.go:411.96,417.2 1 0
dish_as_a_service/bot/api/helpers.go:420.71,426.2 1 0
dish_as_a_service/bot/api/helpers.go:429.87,436.2 1 0
dish_as_a_service/bot/api/helpers.go:439.87,445.2 1 0
dish_as_a_service/bot/api/helpers.go:448.71,454.2 1 0
dish_as_a_service/bot/api/helpers.go:457.94,464.2 1 0
dish_as_a_service/bot/api/helpers.go:467.100,474.2 1 0
dish_as_a_service/bot/api/helpers.go:477.78,484.2 1 0
dish_as_a_service/bot/api/helpers.go:487.87,493.2 1 0
dish_as_a_service/bot/api/helpers.go:496.78,503.2 1 0
dish_as_a_service/bot/api/helpers.go:506.94,513.2 1 0
dish_as_a_service/bot/api/helpers.go:516.94,524.2 1 0
dish_as_a_service/bot/api/helpers.go:527.103,534.2 1 0
dish_as_a_service/bot/api/helpers.go:537.108,545.2 1 0
dish_as_a_service/bot/api/helpers.go:548.111,557.2 1 0
dish_as_a_service/bot/api/helpers.go:560.89,568.2 1 0
dish_as_a_service/bot/api/helpers.go:571.132,580.2 1 0
dish_as_a_service/bot/api/helpers.go:583.98,591.2 1 0
dish_as_a_service/bot/api/helpers.go:595.124,603.2 1 0
dish_as_a_service/bot/api/helpers.go:607.60,612.2 1 0
dish_as_a_service/bot/api/helpers.go:615.52,619.2 1 0
dish_as_a_service/bot/api/helpers.go:623.59,628.2 1 0
dish_as_a_service/bot/api/helpers.go:632.60,637.2 1 0
dish_as_a_service/bot/api/helpers.go:640.71,646.2 3 0
dish_as_a_service/bot/api/helpers.go:649.69,658.2 3 0
dish_as_a_service/bot/api/helpers.go:661.76,665.2 3 0
dish_as_a_service/bot/api/helpers.go:669.74,674.2 1 0
dish_as_a_service/bot/api/helpers.go:678.91,683.2 1 0
dish_as_a_service/bot/api/helpers.go:687.72,692.2 1 0
dish_as_a_service/bot/api/helpers.go:696.74,701.2 1 0
dish_as_a_service/bot/api/helpers.go:704.83,710.2 3 0
dish_as_a_service/bot/api/helpers.go:713.83,721.2 3 0
dish_as_a_service/bot/api/helpers.go:724.50,730.2 1 0
dish_as_a_service/bot/api/helpers.go:734.59,740.2 1 0
dish_as_a_service/bot/api/helpers.go:743.145,754.2 1 0
dish_as_a_service/bot/api/helpers.go:757.66,762.2 1 0
dish_as_a_service/bot/api/helpers.go:765.84,770.2 1 0
dish_as_a_service/bot/api/helpers.go:773.75,782.2 1 0
dish_as_a_service/bot/api/helpers.go:785.61,789.2 1 0
dish_as_a_service/bot/api/helpers.go:792.79,801.2 1 0
dish_as_a_service/bot/api/helpers.go:804.62,811.2 1 0
dish_as_a_service/bot/api/helpers.go:814.39,820.2 1 0
dish_as_a_service/bot/api/helpers.go:825.62,832.2 1 0
dish_as_a_service/bot/api/helpers.go:835.50,837.2 1 0
dish_as_a_service/bot/api/helpers.go:841.58,843.2 1 0
dish_as_a_service/bot/api/helpers.go:847.56,849.2 1 0
dish_as_a_service/bot/api/helpers.go:853.64,855.2 1 0
dish_as_a_service/bot/api/helpers.go:859.59,864.2 1 0
dish_as_a_service/bot/api/helpers.go:868.73,873.2 1 0
dish_as_a_service/bot/api/helpers.go:877.73,883.2 1 0
dish_as_a_service/bot/api/helpers.go:887.75,889.2 1 0
dish_as_a_service/bot/api/helpers.go:893.107,895.2 1 0
dish_as_a_service/bot/api/helpers.go:898.67,900.2 1 0
dish_as_a_service/bot/api/helpers.go:903.99,905.2 1 0
dish_as_a_service/bot/api/helpers.go:909.131,911.2 1 0
dish_as_a_service/bot/api/helpers.go:914.51,916.2 1 0
dish_as_a_service/bot/api/helpers.go:920.81,922.2 1 0
dish_as_a_service/bot/api/helpers.go:926.113,928.2 1 0
dish_as_a_service/bot/api/log.go:21.40,22.19 1 0
dish_as_a_service/bot/api/log.go:22.19,24.3 1 0
dish_as_a_service/bot/api/log.go:25.2,26.12 2 0
dish_as_a_service/bot/api/params.go:13.48,14.17 1 0
dish_as_a_service/bot/api/params.go:14.17,16.3 1 0
dish_as_a_service/bot/api/params.go:20.51,21.16 1 0
dish_as_a_service/bot/api/params.go:21.16,23.3 1 0
dish_as_a_service/bot/api/params.go:27.55,28.16 1 0
dish_as_a_service/bot/api/params.go:28.16,30.3 1 0
dish_as_a_service/bot/api/params.go:34.49,36.2 1 0
dish_as_a_service/bot/api/params.go:39.60,40.16 1 0
dish_as_a_service/bot/api/params.go:40.16,42.3 1 0
dish_as_a_service/bot/api/params.go:46.67,47.102 1 0
dish_as_a_service/bot/api/params.go:47.102,49.3 1 0
dish_as_a_service/bot/api/params.go:51.2,52.16 2 0
dish_as_a_service/bot/api/params.go:52.16,54.3 1 0
dish_as_a_service/bot/api/params.go:56.2,58.12 2 0
dish_as_a_service/bot/api/params.go:64.70,65.27 1 0
dish_as_a_service/bot/api/params.go:65.27,66.26 1 0
dish_as_a_service/bot/api/params.go:67.12,68.14 1 0
dish_as_a_service/bot/api/params.go:68.14,71.5 2 0
dish_as_a_service/bot/api/params.go:72.14,73.14 1 0
dish_as_a_service/bot/api/params.go:73.14,76.5 2 0
dish_as_a_service/bot/api/params.go:77.15,78.15 1 0
dish_as_a_service/bot/api/params.go:78.15,81.5 2 0
dish_as_a_service/bot/api/params.go:82.12,82.12 0 0
dish_as_a_service/bot/api/params.go:83.11,85.18 2 0
dish_as_a_service/bot/api/params.go:85.18,87.5 1 0
dish_as_a_service/bot/api/params.go:89.4,90.14 2 0
dish_as_a_service/bot/api/params.go:94.2,94.12 1 0
dish_as_a_service/bot/api/types.go:30.31,32.2 1 0
dish_as_a_service/bot/api/types.go:121.35,122.9 1 0
dish_as_a_service/bot/api/types.go:123.24,124.24 1 0
dish_as_a_service/bot/api/types.go:125.30,126.30 1 0
dish_as_a_service/bot/api/types.go:127.28,128.28 1 0
dish_as_a_service/bot/api/types.go:129.35,130.35 1 0
dish_as_a_service/bot/api/types.go:131.30,132.30 1 0
dish_as_a_service/bot/api/types.go:133.30,134.30 1 0
dish_as_a_service/bot/api/types.go:135.33,136.33 1 0
dish_as_a_service/bot/api/types.go:137.10,138.13 1 0
dish_as_a_service/bot/api/types.go:143.40,144.28 1 0
dish_as_a_service/bot/api/types.go:144.28,146.3 1 0
dish_as_a_service/bot/api/types.go:147.2,147.11 1 0
dish_as_a_service/bot/api/types.go:151.35,152.9 1 0
dish_as_a_service/bot/api/types.go:153.24,154.24 1 0
dish_as_a_service/bot/api/types.go:155.30,156.30 1 0
dish_as_a_service/bot/api/types.go:157.28,158.28 1 0
dish_as_a_service/bot/api/types.go:159.34,160.34 1 0
dish_as_a_service/bot/api/types.go:161.30,162.38 1 0
dish_as_a_service/bot/api/types.go:163.10,164.13 1 0
dish_as_a_service/bot/api/types.go:172.34,173.19 1 0
dish_as_a_service/bot/api/types.go:173.19,175.3 1 0
dish_as_a_service/bot/api/types.go:222.32,223.14 1 0
dish_as_a_service/bot/api/types.go:223.14,225.3 1 0
dish_as_a_service/bot/api/types.go:226.2,226.22 1 0
dish_as_a_service/bot/api/types.go:226.22,228.3 1 0
dish_as_a_service/bot/api/types.go:230.2,231.22 2 0
dish_as_a_service/bot/api/types.go:231.22,233.3 1 0
dish_as_a_service/bot/api/types.go:235.2,235.13 1 0
dish_as_a_service/bot/api/types.go:332.32,334.2 1 0
dish_as_a_service/bot/api/types.go:337.30,339.2 1 0
dish_as_a_service/bot/api/types.go:342.35,344.2 1 0
dish_as_a_service/bot/api/types.go:347.32,349.2 1 0
dish_as_a_service/bot/api/types.go:352.39,354.2 1 0
dish_as_a_service/bot/api/types.go:623.36,625.2 1 0
dish_as_a_service/bot/api/types.go:628.36,629.47 1 0
dish_as_a_service/bot/api/types.go:629.47,631.3 1 0
dish_as_a_service/bot/api/types.go:633.2,634.49 2 0
dish_as_a_service/bot/api/types.go:642.36,645.47 2 0
dish_as_a_service/bot/api/types.go:645.47,647.3 1 0
dish_as_a_service/bot/api/types.go:649.2,649.16 1 0
dish_as_a_service/bot/api/types.go:657.42,658.20 1 0
dish_as_a_service/bot/api/types.go:658.20,660.3 1 0
dish_as_a_service/bot/api/types.go:663.2,664.32 2 0
dish_as_a_service/bot/api/types.go:676.45,677.20 1 0
dish_as_a_service/bot/api/types.go:677.20,679.3 1 0
dish_as_a_service/bot/api/types.go:682.2,684.34 2 0
dish_as_a_service/bot/api/types.go:684.34,686.3 1 0
dish_as_a_service/bot/api/types.go:688.2,688.33 1 0
dish_as_a_service/bot/api/types.go:735.53,736.17 1 0
dish_as_a_service/bot/api/types.go:736.17,738.3 1 0
dish_as_a_service/bot/api/types.go:740.2,740.25 1 0
dish_as_a_service/bot/api/types.go:744.41,746.2 1 0
dish_as_a_service/bot/api/types.go:749.41,751.2 1 0
dish_as_a_service/bot/api/types.go:754.41,756.2 1 0
dish_as_a_service/bot/api/types.go:759.37,761.2 1 0
dish_as_a_service/bot/api/types.go:764.39,766.2 1 0
dish_as_a_service/bot/api/types.go:769.38,771.2 1 0
dish_as_a_service/bot/api/types.go:774.40,776.2 1 0
dish_as_a_service/bot/api/types.go:779.38,781.2 1 0
dish_as_a_service/bot/api/types.go:784.37,786.2 1 0
dish_as_a_service/bot/api/types.go:789.42,791.2 1 0
dish_as_a_service/bot/api/types.go:1160.47,1162.2 1 0
dish_as_a_service/bot/api/types.go:1214.42,1216.2 1 0
dish_as_a_service/bot/api/types.go:1651.41,1651.76 1 0
dish_as_a_service/bot/api/types.go:1654.47,1654.88 1 0
dish_as_a_service/bot/api/types.go:1657.39,1657.71 1 0
dish_as_a_service/bot/api/types.go:1660.41,1660.75 1 0
dish_as_a_service/bot/api/types.go:2055.38,2057.2 1 0
dish_as_a_service/bot/controller/controller.go:7.83,8.11 1 0
dish_as_a_service/bot/controller/controller.go:8.11,10.3 1 0
dish_as_a_service/bot/controller/controller.go:11.2,11.12 1 0
dish_as_a_service/bot/controller/order.go:26.73,31.2 1 0
dish_as_a_service/bot/controller/order.go:33.93,36.16 3 0
dish_as_a_service/bot/controller/order.go:36.16,38.3 1 0
dish_as_a_service/bot/controller/order.go:40.2,41.16 2 0
dish_as_a_service/bot/controller/order.go:41.16,43.3 1 0
dish_as_a_service/bot/controller/order.go:45.2,46.16 2 0
dish_as_a_service/bot/controller/order.go:46.16,48.3 1 0
dish_as_a_service/bot/controller/order.go:49.2,50.16 2 0
dish_as_a_service/bot/controller/order.go:50.16,52.3 1 0
dish_as_a_service/bot/controller/order.go:53.2,53.12 1 0
dish_as_a_service/bot/controller/order.go:56.108,59.16 3 0
dish_as_a_service/bot/controller/order.go:59.16,65.3 1 0
dish_as_a_service/bot/controller/order.go:67.2,68.16 2 0
dish_as_a_service/bot/controller/order.go:68.16,74.3 1 0
dish_as_a_service/bot/controller/order.go:75.2,75.14 1 0
dish_as_a_service/bot/controller/order.go:75.14,81.3 1 0
dish_as_a_service/bot/controller/order.go:83.2,86.3 1 0
dish_as_a_service/bot/controller/user.go:28.52,33.2 1 0
dish_as_a_service/bot/controller/user.go:35.87,45.9 3 0
dish_as_a_service/bot/controller/user.go:46.51,47.90 1 0
dish_as_a_service/bot/controller/user.go:48.18,49.40 1 0
dish_as_a_service/bot/controller/user.go:51.2,51.82 1 0
dish_as_a_service/bot/controller/user.go:54.94,56.16 2 0
dish_as_a_service/bot/controller/user.go:56.16,58.3 1 0
dish_as_a_service/bot/controller/user.go:59.2,60.16 2 0
dish_as_a_service/bot/controller/user.go:60.16,62.3 1 0
dish_as_a_service/bot/controller/user.go:63.2,63.153 1 0
dish_as_a_service/bot/controller/user.go:69.83,71.16 2 0
dish_as_a_service/bot/controller/user.go:71.16,73.3 1 0
dish_as_a_service/bot/controller/user.go:74.2,76.29 3 0
dish_as_a_service/bot/controller/user.go:76.29,79.3 1 0
dish_as_a_service/bot/controller/user.go:80.2,80.67 1 0
dish_as_a_service/bot/controller/user.go:83.87,85.9 2 0
dish_as_a_service/bot/controller/user.go:86.18,87.40 1 0
dish_as_a_service/bot/controller/user.go:88.46,89.88 1 0
dish_as_a_service/bot/controller/user.go:91.2,91.140 1 0
dish_as_a_service/bot/controller/user.go:94.93,100.9 3 0
dish_as_a_service/bot/controller/user.go:101.18,102.40 1 0
dish_as_a_service/bot/controller/user.go:103.45,104.99 1 0
dish_as_a_service/bot/controller/user.go:105.46,106.88 1 0
dish_as_a_service/bot/controller/user.go:108.2,108.91 1 0
dish_as_a_service/bot/controller/user.go:111.93,113.16 2 0
dish_as_a_service/bot/controller/user.go:113.16,115.3 1 0
dish_as_a_service/bot/controller/user.go:116.2,116.102 1 0
dish_as_a_service/bot/routes/routes.go:25.88,31.2 1 0
dish_as_a_service/bot/routes/routes.go:33.94,37.9 3 0
dish_as_a_service/bot/routes/routes.go:37.9,39.3 1 0
dish_as_a_service/bot/routes/routes.go:41.2,41.20 1 0
dish_as_a_service/bot/routes/routes.go:41.20,43.15 2 0
dish_as_a_service/bot/routes/routes.go:43.15,45.4 1 0
dish_as_a_service/bot/routes/routes.go:48.2,48.35 1 0
dish_as_a_service/bot/routes/routes.go:51.94,53.2 1 0
dish_as_a_service/bot/routes/routes.go:55.107,57.2 1 0
dish_as_a_service/bot/routes/routes.go:59.56,80.2 1 0
dish_as_a_service/bot/service/user_order.go:24.73,29.2 1 0
dish_as_a_service/bot/service/user_order.go:31.89,33.16 2 0
dish_as_a_service/bot/service/user_order.go:33.16,35.3 1 0
dish_as_a_service/bot/service/user_order.go:36.2,37.16 2 0
dish_as_a_service/bot/service/user_order.go:37.16,39.3 1 0
dish_as_a_service/bot/service/user_order.go:41.2,42.34 2 0
dish_as_a_service/bot/service/user_order.go:42.34,44.17 2 0
dish_as_a_service/bot/service/user_order.go:44.17,46.4 1 0
dish_as_a_service/bot/service/user_order.go:48.2,48.12 1 0
dish_as_a_service/bot/service/user_order.go:51.86,62.35 3 0
dish_as_a_service/bot/service/user_order.go:62.35,64.3 1 0
dish_as_a_service/bot/service/user_order.go:65.2,69.3 1 0
dish_as_a_service/controller/dish.go:22.40,26.2 1 0
dish_as_a_service/controller/dish.go:42.93,44.16 2 0
dish_as_a_service/controller/dish.go:44.16,46.3 1 0
dish_as_a_service/controller/dish.go:48.2,49.18 2 0
dish_as_a_service/controller/dish.go:49.18,51.3 1 0
dish_as_a_service/controller/dish.go:51.8,53.3 1 0
dish_as_a_service/controller/dish.go:55.2,55.16 1 0
dish_as_a_service/controller/dish.go:55.16,57.3 1 0
dish_as_a_service/controller/dish.go:58.2,58.20 1 0
dish_as_a_service/controller/dish.go:75.77,77.16 2 0
dish_as_a_service/controller/dish.go:77.16,79.3 1 0
dish_as_a_service/controller/dish.go:80.2,80.12 1 0
dish_as_a_service/controller/dishes_categories.go:23.76,25.2 1 0
dish_as_a_service/controller/dishes_categories.go:36.93,38.2 1 0
dish_as_a_service/controller/dishes_categories.go:55.120,57.9 2 0
dish_as_a_service/controller/dishes_categories.go:58.54,63.4 1 0
dish_as_a_service/controller/dishes_categories.go:64.18,65.18 1 0
dish_as_a_service/controller/dishes_categories.go:66.10,67.24 1 0
dish_as_a_service/controller/dishes_categories.go:86.128,88.16 2 0
dish_as_a_service/controller/dishes_categories.go:88.16,90.3 1 0
dish_as_a_service/controller/dishes_categories.go:91.2,91.49 1 0
dish_as_a_service/controller/dishes_categories.go:113.103,115.9 2 0
dish_as_a_service/controller/dishes_categories.go:116.54,122.4 1 0
dish_as_a_service/controller/dishes_categories.go:123.18,124.13 1 0
dish_as_a_service/controller/dishes_categories.go:125.10,126.13 1 0
dish_as_a_service/controller/dishes_categories.go:144.103,146.2 1 0
dish_as_a_service/controller/order.go:21.43,25.2 1 0
dish_as_a_service/controller/order.go:39.120,41.9 2 0
dish_as_a_service/controller/order.go:42.46,43.114 1 0
dish_as_a_service/controller/order.go:44.50,45.114 1 0
dish_as_a_service/controller/order.go:46.18,47.18 1 0
dish_as_a_service/controller/order.go:48.10,49.60 1 0
dish_as_a_service/controller/user.go:22.40,26.2 1 0
dish_as_a_service/controller/user.go:44.50,46.9 2 0
dish_as_a_service/controller/user.go:47.46,53.4 1 0
dish_as_a_service/controller/user.go:54.18,55.18 1 0
dish_as_a_service/controller/user.go:56.10,57.68 1 0
dish_as_a_service/controller/user.go:72.112,74.9 2 0
dish_as_a_service/controller/user.go:75.46,81.4 1 0
dish_as_a_service/controller/user.go:82.18,83.18 1 0
dish_as_a_service/controller/user.go:84.10,85.60 1 0
dish_as_a_service/controller/utils.go:9.50,10.13 1 0
dish_as_a_service/controller/utils.go:10.13,12.3 1 0
dish_as_a_service/controller/utils.go:13.2,16.30 3 0
dish_as_a_service/controller/utils.go:16.30,18.17 2 0
dish_as_a_service/controller/utils.go:18.17,20.4 1 0
dish_as_a_service/controller/utils.go:21.3,21.22 1 0
dish_as_a_service/controller/utils.go:23.2,23.17 1 0
dish_as_a_service/service/dish.go:35.76,41.2 1 0
dish_as_a_service/service/dish.go:43.85,44.16 1 0
dish_as_a_service/service/dish.go:44.16,46.3 1 0
dish_as_a_service/service/dish.go:47.2,48.16 2 0
dish_as_a_service/service/dish.go:48.16,50.3 1 0
dish_as_a_service/service/dish.go:51.2,52.25 2 0
dish_as_a_service/service/dish.go:52.25,54.3 1 0
dish_as_a_service/service/dish.go:55.2,55.23 1 0
dish_as_a_service/service/dish.go:58.81,60.16 2 0
dish_as_a_service/service/dish.go:60.16,62.3 1 0
dish_as_a_service/service/dish.go:63.2,64.25 2 0
dish_as_a_service/service/dish.go:64.25,66.3 1 0
dish_as_a_service/service/dish.go:67.2,67.23 1 0
dish_as_a_service/service/dish.go:70.77,73.24 3 0
dish_as_a_service/service/dish.go:73.24,75.17 2 0
dish_as_a_service/service/dish.go:75.17,77.4 1 0
dish_as_a_service/service/dish.go:80.2,88.16 3 0
dish_as_a_service/service/dish.go:88.16,89.25 1 0
dish_as_a_service/service/dish.go:89.25,91.21 2 0
dish_as_a_service/service/dish.go:91.21,94.5 1 0
dish_as_a_service/service/dish.go:96.3,96.45 1 0
dish_as_a_service/service/dish.go:98.2,98.12 1 0
dish_as_a_service/service/dish.go:101.60,103.27 2 0
dish_as_a_service/service/dish.go:103.27,105.3 1 0
dish_as_a_service/service/dish.go:106.2,113.3 1 0
dish_as_a_service/service/dishes_categories.go:23.70,25.2 1 0
dish_as_a_service/service/dishes_categories.go:27.93,29.16 2 0
dish_as_a_service/service/dishes_categories.go:29.16,31.3 1 0
dish_as_a_service/service/dishes_categories.go:32.2,33.38 2 0
dish_as_a_service/service/dishes_categories.go:33.38,38.3 1 0
dish_as_a_service/service/dishes_categories.go:39.2,39.30 1 0
dish_as_a_service/service/dishes_categories.go:42.99,44.16 2 0
dish_as_a_service/service/dishes_categories.go:44.16,46.3 1 0
dish_as_a_service/service/dishes_categories.go:47.2,50.8 1 0
dish_as_a_service/service/dishes_categories.go:52.92,54.16 2 0
dish_as_a_service/service/dishes_categories.go:54.16,56.3 1 0
dish_as_a_service/service/dishes_categories.go:57.2,57.16 1 0
dish_as_a_service/service/dishes_categories.go:60.103,62.16 2 0
dish_as_a_service/service/dishes_categories.go:62.16,64.3 1 0
dish_as_a_service/service/dishes_categories.go:65.2,65.12 1 0
dish_as_a_service/service/dishes_categories.go:68.79,70.16 2 0
dish_as_a_service/service/dishes_categories.go:70.16,72.3 1 0
dish_as_a_service/service/dishes_categories.go:73.2,73.12 1 0
dish_as_a_service/service/order.go:37.96,43.2 1 0
dish_as_a_service/service/order.go:45.88,47.16 2 0
dish_as_a_service/service/order.go:47.16,49.3 1 0
dish_as_a_service/service/order.go:51.2,51.12 1 0
dish_as_a_service/service/order.go:54.85,56.16 2 0
dish_as_a_service/service/order.go:56.16,58.3 1 0
dish_as_a_service/service/order.go:59.2,59.19 1 0
dish_as_a_service/service/order.go:62.98,63.63 1 0
dish_as_a_service/service/order.go:63.63,65.3 1 0
dish_as_a_service/service/order.go:67.2,68.16 2 0
dish_as_a_service/service/order.go:68.16,70.3 1 0
dish_as_a_service/service/order.go:71.2,71.30 1 0
dish_as_a_service/service/order.go:71.30,72.17 1 0
dish_as_a_service/service/order.go:72.17,74.4 1 0
dish_as_a_service/service/order.go:77.2,78.16 2 0
dish_as_a_service/service/order.go:78.16,80.3 1 0
dish_as_a_service/service/order.go:81.2,81.31 1 0
dish_as_a_service/service/order.go:81.31,83.3 1 0
dish_as_a_service/service/order.go:85.2,86.24 2 0
dish_as_a_service/service/order.go:86.24,88.3 1 0
dish_as_a_service/service/order.go:90.2,92.31 3 0
dish_as_a_service/service/order.go:92.31,101.3 2 0
dish_as_a_service/service/order.go:102.2,113.16 3 0
dish_as_a_service/service/order.go:113.16,115.3 1 0
dish_as_a_service/service/order.go:117.2,118.16 2 0
dish_as_a_service/service/order.go:118.16,120.3 1 0
dish_as_a_service/service/order.go:121.2,121.17 1 0
dish_as_a_service/service/order.go:124.83,126.16 2 0
dish_as_a_service/service/order.go:126.16,128.3 1 0
dish_as_a_service/service/order.go:129.2,129.22 1 0
dish_as_a_service/service/order.go:132.73,134.22 2 0
dish_as_a_service/service/order.go:134.22,136.17 2 0
dish_as_a_service/service/order.go:136.17,138.4 1 0
dish_as_a_service/service/order.go:139.3,139.23 1 0
dish_as_a_service/service/order.go:141.2,141.17 1 0
dish_as_a_service/service/user.go:32.49,37.2 1 0
dish_as_a_service/service/user.go:39.77,41.26 2 0
dish_as_a_service/service/user.go:41.26,46.3 1 0
dish_as_a_service/service/user.go:47.2,54.16 3 0
dish_as_a_service/service/user.go:54.16,56.3 1 0
dish_as_a_service/service/user.go:57.2,57.12 1 0
dish_as_a_service/service/user.go:60.73,62.16 2 0
dish_as_a_service/service/user.go:62.16,64.3 1 0
dish_as_a_service/service/user.go:65.2,65.21 1 0
dish_as_a_service/service/user.go:68.64,70.16 2 0
dish_as_a_service/service/user.go:70.16,72.3 1 0
dish_as_a_service/service/user.go:74.2,75.26 2 0
dish_as_a_service/service/user.go:75.26,81.3 1 0
dish_as_a_service/service/user.go:82.2,82.23 1 0
dish_as_a_service/service/user.go:84.68,86.16 2 0
dish_as_a_service/service/user.go:86.16,88.3 1 0
dish_as_a_service/service/user.go:89.2,89.12 1 0
dish_as_a_service/service/user.go:92.76,94.16 2 0
dish_as_a_service/service/user.go:94.16,96.3 1 0
dish_as_a_service/service/user.go:97.2,97.20 1 0
dish_as_a_service/service/user.go:100.92,102.16 2 0
dish_as_a_service/service/user.go:102.16,104.3 1 0
dish_as_a_service/service/user.go:105.2,105.20 1 0
dish_as_a_service/service/user.go:108.91,109.40 1 0
dish_as_a_service/service/user.go:109.40,111.3 1 0
dish_as_a_service/service/user.go:113.2,114.16 2 0
dish_as_a_service/service/user.go:114.16,116.3 1 0
dish_as_a_service/service/user.go:117.2,117.12 1 0
dish_as_a_service/service/user.go:120.65,122.2 1 0
dish_as_a_service/repository/dish.go:18.35,22.2 1 0
dish_as_a_service/repository/dish.go:24.85,36.16 4 0
dish_as_a_service/repository/dish.go:36.16,38.3 1 0
dish_as_a_service/repository/dish.go:39.2,39.17 1 0
dish_as_a_service/repository/dish.go:42.78,46.16 2 0
dish_as_a_service/repository/dish.go:46.16,48.3 1 0
dish_as_a_service/repository/dish.go:49.2,54.16 5 0
dish_as_a_service/repository/dish.go:54.16,56.3 1 0
dish_as_a_service/repository/dish.go:58.2,58.29 1 0
dish_as_a_service/repository/dish.go:58.29,62.40 4 0
dish_as_a_service/repository/dish.go:62.40,65.4 2 0
dish_as_a_service/repository/dish.go:66.3,69.17 3 0
dish_as_a_service/repository/dish.go:69.17,71.4 1 0
dish_as_a_service/repository/dish.go:74.2,75.16 2 0
dish_as_a_service/repository/dish.go:75.16,77.3 1 0
dish_as_a_service/repository/dish.go:78.2,78.12 1 0
dish_as_a_service/repository/dish.go:81.87,94.16 4 0
dish_as_a_service/repository/dish.go:94.16,96.3 1 0
dish_as_a_service/repository/dish.go:97.2,97.17 1 0
dish_as_a_service/repository/dishes_categories.go:18.59,20.2 1 0
dish_as_a_service/repository/dishes_categories.go:22.93,25.16 3 0
dish_as_a_service/repository/dishes_categories.go:25.16,27.3 1 0
dish_as_a_service/repository/dishes_categories.go:28.2,28.24 1 0
dish_as_a_service/repository/dishes_categories.go:31.99,34.9 3 0
dish_as_a_service/repository/dishes_categories.go:35.37,36.63 1 0
dish_as_a_service/repository/dishes_categories.go:37.18,38.73 1 0
dish_as_a_service/repository/dishes_categories.go:39.10,40.23 1 0
dish_as_a_service/repository/dishes_categories.go:44.92,55.16 4 0
dish_as_a_service/repository/dishes_categories.go:55.16,57.3 1 0
dish_as_a_service/repository/dishes_categories.go:58.2,58.16 1 0
dish_as_a_service/repository/dishes_categories.go:61.95,66.9 4 0
dish_as_a_service/repository/dishes_categories.go:67.55,68.40 1 0
dish_as_a_service/repository/dishes_categories.go:69.18,70.50 1 0
dish_as_a_service/repository/dishes_categories.go:71.10,72.13 1 0
dish_as_a_service/repository/dishes_categories.go:76.79,78.16 2 0
dish_as_a_service/repository/dishes_categories.go:78.16,80.3 1 0
dish_as_a_service/repository/dishes_categories.go:81.2,81.12 1 0
dish_as_a_service/repository/images.go:21.76,27.2 1 0
dish_as_a_service/repository/images.go:34.96,41.16 4 0
dish_as_a_service/repository/images.go:41.16,43.3 1 0
dish_as_a_service/repository/images.go:45.2,46.16 2 0
dish_as_a_service/repository/images.go:46.16,48.3 1 0
dish_as_a_service/repository/images.go:49.2,50.38 2 0
dish_as_a_service/repository/images.go:50.38,52.3 1 0
dish_as_a_service/repository/images.go:54.2,56.16 3 0
dish_as_a_service/repository/images.go:56.16,58.3 1 0
dish_as_a_service/repository/images.go:60.2,60.32 1 0
dish_as_a_service/repository/images.go:63.81,67.16 3 0
dish_as_a_service/repository/images.go:67.16,69.3 1 0
dish_as_a_service/repository/images.go:70.2,71.16 2 0
dish_as_a_service/repository/images.go:71.16,73.3 1 0
dish_as_a_service/repository/images.go:74.2,76.12 2 0
dish_as_a_service/repository/images.go:79.61,80.19 1 0
dish_as_a_service/repository/images.go:80.19,82.3 1 0
dish_as_a_service/repository/images.go:83.2,83.67 1 0
dish_as_a_service/repository/images.go:86.91,88.16 2 0
dish_as_a_service/repository/images.go:88.16,90.3 1 0
dish_as_a_service/repository/images.go:92.2,94.16 3 0
dish_as_a_service/repository/images.go:94.16,96.3 1 0
dish_as_a_service/repository/images.go:97.2,97.21 1 0
dish_as_a_service/repository/order.go:18.37,22.2 1 0
dish_as_a_service/repository/order.go:25.77,27.16 2 0
dish_as_a_service/repository/order.go:27.16,29.3 1 0
dish_as_a_service/repository/order.go:30.2,34.16 4 0
dish_as_a_service/repository/order.go:34.16,36.3 1 0
dish_as_a_service/repository/order.go:38.2,41.35 4 0
dish_as_a_service/repository/order.go:41.35,49.3 2 0
dish_as_a_service/repository/order.go:51.2,54.16 3 0
dish_as_a_service/repository/order.go:54.16,56.3 1 0
dish_as_a_service/repository/order.go:57.2,58.16 2 0
dish_as_a_service/repository/order.go:58.16,60.3 1 0
dish_as_a_service/repository/order.go:61.2,61.12 1 0
dish_as_a_service/repository/order.go:64.88,67.16 3 0
dish_as_a_service/repository/order.go:67.16,69.3 1 0
dish_as_a_service/repository/order.go:70.2,70.12 1 0
dish_as_a_service/repository/order.go:73.85,78.12 4 0
dish_as_a_service/repository/order.go:78.12,82.17 4 0
dish_as_a_service/repository/order.go:82.17,85.4 2 0
dish_as_a_service/repository/order.go:86.3,87.17 2 0
dish_as_a_service/repository/order.go:89.2,89.12 1 0
dish_as_a_service/repository/order.go:89.12,97.17 4 0
dish_as_a_service/repository/order.go:97.17,100.4 2 0
dish_as_a_service/repository/order.go:101.3,102.17 2 0
dish_as_a_service/repository/order.go:105.2,109.6 5 0
dish_as_a_service/repository/order.go:109.6,110.10 1 0
dish_as_a_service/repository/order.go:111.21,112.61 1 0
dish_as_a_service/repository/order.go:113.25,114.58 1 0
dish_as_a_service/repository/order.go:115.33,116.17 1 0
dish_as_a_service/repository/order.go:116.17,117.13 1 0
dish_as_a_service/repository/order.go:119.4,119.17 1 0
dish_as_a_service/repository/order.go:119.17,123.5 3 0
dish_as_a_service/repository/order.go:124.4,125.23 2 0
dish_as_a_service/repository/order.go:126.34,127.17 1 0
dish_as_a_service/repository/order.go:127.17,128.13 1 0
dish_as_a_service/repository/order.go:130.4,130.17 1 0
dish_as_a_service/repository/order.go:130.17,133.5 2 0
dish_as_a_service/repository/order.go:134.4,135.24 2 0
dish_as_a_service/repository/order.go:140.83,145.16 4 0
dish_as_a_service/repository/order.go:145.16,147.3 1 0
dish_as_a_service/repository/order.go:148.2,148.22 1 0
dish_as_a_service/repository/order.go:151.96,154.16 3 0
dish_as_a_service/repository/order.go:154.16,156.3 1 0
dish_as_a_service/repository/order.go:157.2,157.12 1 0
dish_as_a_service/repository/secret.go:7.38,11.2 1 0
dish_as_a_service/repository/secret.go:13.36,15.2 1 0
dish_as_a_service/repository/user.go:17.35,21.2 1 0
dish_as_a_service/repository/user.go:23.77,25.16 2 0
dish_as_a_service/repository/user.go:25.16,27.3 1 0
dish_as_a_service/repository/user.go:28.2,32.16 4 0
dish_as_a_service/repository/user.go:32.16,34.3 1 0
dish_as_a_service/repository/user.go:36.2,36.26 1 0
dish_as_a_service/repository/user.go:36.26,39.17 3 0
dish_as_a_service/repository/user.go:39.17,41.4 1 0
dish_as_a_service/repository/user.go:44.2,45.16 2 0
dish_as_a_service/repository/user.go:45.16,47.3 1 0
dish_as_a_service/repository/user.go:48.2,48.12 1 0
dish_as_a_service/repository/user.go:51.84,55.9 4 0
dish_as_a_service/repository/user.go:56.37,57.47 1 0
dish_as_a_service/repository/user.go:58.18,59.65 1 0
dish_as_a_service/repository/user.go:60.10,61.19 1 0
dish_as_a_service/repository/user.go:65.71,69.16 4 0
dish_as_a_service/repository/user.go:69.16,71.3 1 0
dish_as_a_service/repository/user.go:72.2,72.21 1 0
dish_as_a_service/repository/user.go:75.69,80.9 4 0
dish_as_a_service/repository/user.go:81.37,82.39 1 0
dish_as_a_service/repository/user.go:83.18,84.56 1 0
dish_as_a_service/repository/user.go:85.10,86.22 1 0
dish_as_a_service/repository/user.go:89.2,89.21 1 0
dish_as_a_service/repository/user.go:92.68,96.16 4 0
dish_as_a_service/repository/user.go:96.16,98.3 1 0
dish_as_a_service/repository/user.go:100.2,100.17 1 0
dish_as_a_service/repository/user.go:103.80,107.9 4 0
dish_as_a_service/repository/user.go:108.37,109.35 1 0
dish_as_a_service/repository/user.go:110.18,111.62 1 0
dish_as_a_service/repository/user.go:112.10,113.21 1 0
dish_as_a_service/repository/user.go:117.92,121.9 4 0
dish_as_a_service/repository/user.go:122.37,123.36 1 0
dish_as_a_service/repository/user.go:124.18,125.63 1 0
dish_as_a_service/repository/user.go:126.10,127.21 1 0
dish_as_a_service/repository/user.go:131.68,134.16 3 0
dish_as_a_service/repository/user.go:134.16,136.3 1 0
dish_as_a_service/repository/user.go:137.2,137.54 1 0
dish_as_a_service/repository/user.go:137.54,139.3 1 0
dish_as_a_service/repository/user.go:140.2,140.12 1 0
dish_as_a_service/repository/user.go:143.71,150.16 3 0
dish_as_a_service/repository/user.go:150.16,152.3 1 0
dish_as_a_service/repository/user.go:153.2,153.54 1 0
dish_as_a_service/repository/user.go:153.54,155.3 1 0
dish_as_a_service/repository/user.go:156.2,156.12 1 0
dish_as_a_service/service/payment/expiration/controller.go:20.65,24.2 1 0
dish_as_a_service/service/payment/expiration/controller.go:29.83,32.16 3 0
dish_as_a_service/service/payment/expiration/controller.go:32.16,34.3 1 0
dish_as_a_service/service/payment/expiration/controller.go:36.2,37.16 2 0
dish_as_a_service/service/payment/expiration/controller.go:37.16,39.3 1 0
dish_as_a_service/service/payment/expiration/controller.go:41.2,41.25 1 0
dish_as_a_service/service/payment/expiration/service.go:17.81,22.2 1 0
dish_as_a_service/service/payment/expiration/service.go:30.73,36.16 3 0
dish_as_a_service/service/payment/expiration/service.go:36.16,38.3 1 0
dish_as_a_service/service/payment/expiration/service.go:40.2,48.16 2 0
dish_as_a_service/service/payment/expiration/service.go:48.16,50.3 1 0
dish_as_a_service/service/payment/expiration/service.go:51.2,51.12 1 0
dish_as_a_service/service/payment/expiration/worker.go:18.39,22.2 1 0
dish_as_a_service/service/payment/expiration/worker.go:24.80,26.16 2 0
dish_as_a_service/service/payment/expiration/worker.go:26.16,28.3 1 0
dish_as_a_service/service/payment/expiration/worker.go:29.2,29.12 1 0
dish_as_a_service/routes/middlewares.go:25.52,27.2 1 0
dish_as_a_service/routes/middlewares.go:29.75,30.81 1 0
dish_as_a_service/routes/middlewares.go:30.81,32.19 2 0
dish_as_a_service/routes/middlewares.go:32.19,35.4 1 0
dish_as_a_service/routes/middlewares.go:36.3,37.17 2 0
dish_as_a_service/routes/middlewares.go:37.17,39.4 1 0
dish_as_a_service/routes/middlewares.go:40.3,40.15 1 0
dish_as_a_service/routes/middlewares.go:40.15,43.4 1 0
dish_as_a_service/routes/middlewares.go:44.3,44.25 1 0
dish_as_a_service/routes/router.go:18.94,20.46 2 0
dish_as_a_service/routes/router.go:20.46,21.19 1 0
dish_as_a_service/routes/router.go:21.19,24.4 2 0
dish_as_a_service/routes/router.go:24.9,26.4 1 0
dish_as_a_service/routes/router.go:29.2,29.12 1 0
dish_as_a_service/routes/router.go:39.57,96.2 1 0
dish_as_a_service/service/payment/observer.go:14.43,18.2 1 0
dish_as_a_service/service/payment/observer.go:20.66,25.2 1 0
dish_as_a_service/service/payment/observer.go:27.68,29.2 1 0
dish_as_a_service/service/payment/observer.go:31.104,37.2 1 0
dish_as_a_service/service/payment/observer.go:39.80,44.2 1 0
dish_as_a_service/service/payment/observer.go:46.91,51.2 1 0
dish_as_a_service/service/payment/observer.go:53.54,54.2 0 0
dish_as_a_service/service/payment/observer.go:56.63,58.2 1 0
dish_as_a_service/service/payment/payment.go:31.11,36.2 1 0
dish_as_a_service/service/payment/payment.go:38.99,40.9 2 0
dish_as_a_service/service/payment/payment.go:40.9,42.3 1 0
dish_as_a_service/service/payment/payment.go:43.2,44.16 2 0
dish_as_a_service/service/payment/payment.go:44.16,46.3 1 0
dish_as_a_service/service/payment/payment.go:48.2,49.16 2 0
dish_as_a_service/service/payment/payment.go:49.16,51.3 1 0
dish_as_a_service/service/payment/payment.go:53.2,53.17 1 0
dish_as_a_service/service/payment/payment.go:56.59,59.2 2 0
dish_as_a_service/service/payment/telegram/controller.go:20.65,24.2 1 0
dish_as_a_service/service/payment/telegram/controller.go:29.83,32.16 3 0
dish_as_a_service/service/payment/telegram/controller.go:32.16,34.3 1 0
dish_as_a_service/service/payment/telegram/controller.go:36.2,37.16 2 0
dish_as_a_service/service/payment/telegram/controller.go:37.16,39.3 1 0
dish_as_a_service/service/payment/telegram/controller.go:41.2,41.25 1 0
dish_as_a_service/service/payment/telegram/service.go:21.63,26.2 1 0
dish_as_a_service/service/payment/telegram/service.go:34.84,36.16 2 0
dish_as_a_service/service/payment/telegram/service.go:36.16,38.3 1 0
dish_as_a_service/service/payment/telegram/service.go:40.2,46.16 3 0
dish_as_a_service/service/payment/telegram/service.go:46.16,48.3 1 0
dish_as_a_service/service/payment/telegram/service.go:50.2,58.16 2 0
dish_as_a_service/service/payment/telegram/service.go:58.16,60.3 1 0
dish_as_a_service/service/payment/telegram/service.go:61.2,61.16 1 0
dish_as_a_service/service/payment/telegram/worker.go:18.39,22.2 1 0
dish_as_a_service/service/payment/telegram/worker.go:24.80,26.16 2 0
dish_as_a_service/service/payment/telegram/worker.go:26.16,28.3 1 0
dish_as_a_service/service/payment/telegram/worker.go:29.2,29.12 1 0
dish_as_a_service/assembly/assembly.go:33.69,36.16 3 0
dish_as_a_service/assembly/assembly.go:36.16,38.3 1 0
dish_as_a_service/assembly/assembly.go:39.2,40.16 2 0
dish_as_a_service/assembly/assembly.go:40.16,42.3 1 0
dish_as_a_service/assembly/assembly.go:43.2,46.27 4 0
dish_as_a_service/assembly/assembly.go:46.27,48.17 2 0
dish_as_a_service/assembly/assembly.go:48.17,50.4 1 0
dish_as_a_service/assembly/assembly.go:52.2,56.33 4 0
dish_as_a_service/assembly/assembly.go:56.33,59.3 2 0
dish_as_a_service/assembly/assembly.go:60.2,74.8 4 0
dish_as_a_service/assembly/assembly.go:77.47,80.33 1 0
dish_as_a_service/assembly/assembly.go:80.33,82.4 1 0
dish_as_a_service/assembly/assembly.go:83.33,85.4 1 0
dish_as_a_service/assembly/assembly.go:86.35,87.37 1 0
dish_as_a_service/assembly/assembly.go:87.37,89.5 1 0
dish_as_a_service/assembly/assembly.go:90.4,90.14 1 0
dish_as_a_service/assembly/assembly.go:95.47,97.33 1 0
dish_as_a_service/assembly/assembly.go:97.33,99.4 1 0
dish_as_a_service/assembly/assembly.go:100.35,101.22 1 0
dish_as_a_service/assembly/assembly.go:101.22,103.5 1 0
dish_as_a_service/assembly/assembly.go:104.4,104.14 1 0
dish_as_a_service/assembly/assembly.go:106.35,108.4 1 0
dish_as_a_service/assembly/assembly.go:109.33,110.37 1 0
dish_as_a_service/assembly/assembly.go:110.37,112.5 1 0
dish_as_a_service/assembly/assembly.go:113.4,113.14 1 0
dish_as_a_service/assembly/locator.go:41.10,64.18 15 1
dish_as_a_service/assembly/locator.go:64.18,68.3 1 1
dish_as_a_service/assembly/locator.go:69.2,111.3 18 0
dish_as_a_service/bot/bot.go:33.107,36.16 2 0
dish_as_a_service/bot/bot.go:36.16,38.3 1 0
dish_as_a_service/bot/bot.go:39.2,41.17 3 0
dish_as_a_service/bot/bot.go:44.85,51.2 1 0
dish_as_a_service/bot/bot.go:53.47,54.12 1 0
dish_as_a_service/bot/bot.go:54.12,58.28 4 0
dish_as_a_service/bot/bot.go:58.28,59.11 1 0
dish_as_a_service/bot/bot.go:60.22,62.11 2 0
dish_as_a_service/bot/bot.go:63.12,63.12 0 0
dish_as_a_service/bot/bot.go:66.4,67.11 2 0
dish_as_a_service/bot/bot.go:68.28,69.12 1 0
dish_as_a_service/bot/bot.go:70.47,71.50 1 0
dish_as_a_service/bot/bot.go:72.13,73.50 1 0
dish_as_a_service/bot/bot.go:75.37,76.62 1 0
dish_as_a_service/bot/bot.go:77.12,78.13 1 0
dish_as_a_service/bot/bot.go:81.4,81.19 1 0
dish_as_a_service/bot/bot.go:81.19,83.13 2 0
dish_as_a_service/bot/bot.go:86.4,87.18 2 0
dish_as_a_service/bot/bot.go:87.18,89.5 1 0
dish_as_a_service/bot/bot.go:92.2,92.12 1 0
dish_as_a_service/bot/bot.go:95.47,98.2 2 0
dish_as_a_service/bot/payment_bot.go:18.67,23.2 1 0
dish_as_a_service/bot/payment_bot.go:27.96,34.16 3 0
dish_as_a_service/bot/payment_bot.go:34.16,36.3 1 0
dish_as_a_service/bot/payment_bot.go:38.2,39.29 2 0
dish_as_a_service/bot/payment_bot.go:39.29,45.3 2 0
dish_as_a_service/bot/payment_bot.go:47.2,58.16 3 0
dish_as_a_service/bot/payment_bot.go:58.16,60.3 1 0
dish_as_a_service/bot/payment_bot.go:62.2,62.12 1 0
dish_as_a_service/bot/api/bot.go:39.47,41.2 1 0
dish_as_a_service/bot/api/bot.go:47.75,49.2 1 0
dish_as_a_service/bot/api/bot.go:55.89,66.16 3 0
dish_as_a_service/bot/api/bot.go:66.16,68.3 1 0
dish_as_a_service/bot/api/bot.go:70.2,72.17 2 0
dish_as_a_service/bot/api/bot.go:76.55,78.2 1 0
dish_as_a_service/bot/api/bot.go:80.40,81.15 1 0
dish_as_a_service/bot/api/bot.go:81.15,83.3 1 0
dish_as_a_service/bot/api/bot.go:85.2,87.29 2 0
dish_as_a_service/bot/api/bot.go:87.29,89.3 1 0
dish_as_a_service/bot/api/bot.go:91.2,91.12 1 0
dish_as_a_service/bot/api/bot.go:95.86,96.15 1 0
dish_as_a_service/bot/api/bot.go:96.15,98.3 1 0
dish_as_a_service/bot/api/bot.go:100.2,105.16 4 0
dish_as_a_service/bot/api/bot.go:105.16,107.3 1 0
dish_as_a_service/bot/api/bot.go:108.2,111.16 3 0
dish_as_a_service/bot/api/bot.go:111.16,113.3 1 0
dish_as_a_service/bot/api/bot.go:114.2,118.16 4 0
dish_as_a_service/bot/api/bot.go:118.16,120.3 1 0
dish_as_a_service/bot/api/bot.go:122.2,122.15 1 0
dish_as_a_service/bot/api/bot.go:122.15,124.3 1 0
dish_as_a_service/bot/api/bot.go:126.2,126.17 1 0
dish_as_a_service/bot/api/bot.go:126.17,129.32 2 0
dish_as_a_service/bot/api/bot.go:129.32,131.4 1 0
dish_as_a_service/bot/api/bot.go:133.3,137.4 1 0
dish_as_a_service/bot/api/bot.go:140.2,140.22 1 0
dish_as_a_service/bot/api/bot.go:146.97,147.16 1 0
dish_as_a_service/bot/api/bot.go:147.16,151.3 3 0
dish_as_a_service/bot/api/bot.go:154.2,155.16 2 0
dish_as_a_service/bot/api/bot.go:155.16,157.3 1 0
dish_as_a_service/bot/api/bot.go:159.2,160.16 2 0
dish_as_a_service/bot/api/bot.go:160.16,162.3 1 0
dish_as_a_service/bot/api/bot.go:164.2,164.18 1 0
dish_as_a_service/bot/api/bot.go:168.107,174.12 3 0
dish_as_a_service/bot/api/bot.go:174.12,178.36 3 0
dish_as_a_service/bot/api/bot.go:178.36,179.53 1 0
dish_as_a_service/bot/api/bot.go:179.53,182.5 2 0
dish_as_a_service/bot/api/bot.go:185.3,185.30 1 0
dish_as_a_service/bot/api/bot.go:185.30,186.31 1 0
dish_as_a_service/bot/api/bot.go:186.31,188.19 2 0
dish_as_a_service/bot/api/bot.go:188.19,191.6 2 0
dish_as_a_service/bot/api/bot.go:193.5,194.19 2 0
dish_as_a_service/bot/api/bot.go:194.19,197.6 2 0
dish_as_a_service/bot/api/bot.go:199.5,199.52 1 0
dish_as_a_service/bot/api/bot.go:199.52,202.6 2 0
dish_as_a_service/bot/api/bot.go:204.5,204.49 1 0
dish_as_a_service/bot/api/bot.go:204.49,205.42 1 0
dish_as_a_service/bot/api/bot.go:205.42,208.7 2 0
dish_as_a_service/bot/api/bot.go:210.10,213.58 2 0
dish_as_a_service/bot/api/bot.go:213.58,216.6 2 0
dish_as_a_service/bot/api/bot.go:221.2,221.15 1 0
dish_as_a_service/bot/api/bot.go:221.15,223.3 1 0
dish_as_a_service/bot/api/bot.go:225.2,228.16 3 0
dish_as_a_service/bot/api/bot.go:228.16,230.3 1 0
dish_as_a_service/bot/api/bot.go:232.2,235.16 3 0
dish_as_a_service/bot/api/bot.go:235.16,237.3 1 0
dish_as_a_service/bot/api/bot.go:238.2,242.16 4 0
dish_as_a_service/bot/api/bot.go:242.16,244.3 1 0
dish_as_a_service/bot/api/bot.go:246.2,246.15 1 0
dish_as_a_service/bot/api/bot.go:246.15,248.3 1 0
dish_as_a_service/bot/api/bot.go:250.2,250.17 1 0
dish_as_a_service/bot/api/bot.go:250.17,253.32 2 0
dish_as_a_service/bot/api/bot.go:253.32,255.4 1 0
dish_as_a_service/bot/api/bot.go:257.3,260.4 1 0
dish_as_a_service/bot/api/bot.go:263.2,263.22 1 0
dish_as_a_service/bot/api/bot.go:269.68,272.16 2 0
dish_as_a_service/bot/api/bot.go:272.16,274.3 1 0
dish_as_a_service/bot/api/bot.go:276.2,276.34 1 0
dish_as_a_service/bot/api/bot.go:284.42,286.16 2 0
dish_as_a_service/bot/api/bot.go:286.16,288.3 1 0
dish_as_a_service/bot/api/bot.go:290.2,293.18 3 0
dish_as_a_service/bot/api/bot.go:299.56,301.2 1 0
dish_as_a_service/bot/api/bot.go:303.54,304.29 1 0
dish_as_a_service/bot/api/bot.go:304.29,305.30 1 0
dish_as_a_service/bot/api/bot.go:305.30,307.4 1 0
dish_as_a_service/bot/api/bot.go:310.2,310.14 1 0
dish_as_a_service/bot/api/bot.go:314.63,316.16 2 0
dish_as_a_service/bot/api/bot.go:316.16,318.3 1 0
dish_as_a_service/bot/api/bot.go:320.2,320.31 1 0
dish_as_a_service/bot/api/bot.go:320.31,325.35 2 0
dish_as_a_service/bot/api/bot.go:325.35,327.4 1 0
dish_as_a_service/bot/api/bot.go:331.3,331.30 1 0
dish_as_a_service/bot/api/bot.go:331.30,333.4 1 0
dish_as_a_service/bot/api/bot.go:336.2,336.44 1 0
dish_as_a_service/bot/api/bot.go:340.44,342.16 2 0
dish_as_a_service/bot/api/bot.go:342.16,344.3 1 0
dish_as_a_service/bot/api/bot.go:346.2,346.12 1 0
dish_as_a_service/bot/api/bot.go:350.79,352.16 2 0
dish_as_a_service/bot/api/bot.go:352.16,354.3 1 0
dish_as_a_service/bot/api/bot.go:356.2,359.22 3 0
dish_as_a_service/bot/api/bot.go:366.100,368.16 2 0
dish_as_a_service/bot/api/bot.go:368.16,370.3 1 0
dish_as_a_service/bot/api/bot.go:372.2,375.27 3 0
dish_as_a_service/bot/api/bot.go:381.61,383.16 2 0
dish_as_a_service/bot/api/bot.go:383.16,385.3 1 0
dish_as_a_service/bot/api/bot.go:387.2,390.18 3 0
dish_as_a_service/bot/api/bot.go:400.70,402.16 2 0
dish_as_a_service/bot/api/bot.go:402.16,404.3 1 0
dish_as_a_service/bot/api/bot.go:406.2,409.21 3 0
dish_as_a_service/bot/api/bot.go:414.58,416.16 2 0
dish_as_a_service/bot/api/bot.go:416.16,418.3 1 0
dish_as_a_service/bot/api/bot.go:420.2,423.18 3 0
dish_as_a_service/bot/api/bot.go:427.71,430.12 2 0
dish_as_a_service/bot/api/bot.go:430.12,431.7 1 0
dish_as_a_service/bot/api/bot.go:431.7,432.11 1 0
dish_as_a_service/bot/api/bot.go:433.31,435.11 2 0
dish_as_a_service/bot/api/bot.go:436.12,436.12 0 0
dish_as_a_service/bot/api/bot.go:439.4,440.18 2 0
dish_as_a_service/bot/api/bot.go:440.18,445.13 4 0
dish_as_a_service/bot/api/bot.go:448.4,448.35 1 0
dish_as_a_service/bot/api/bot.go:448.35,449.41 1 0
dish_as_a_service/bot/api/bot.go:449.41,452.6 2 0
dish_as_a_service/bot/api/bot.go:457.2,457.11 1 0
dish_as_a_service/bot/api/bot.go:461.43,462.15 1 0
dish_as_a_service/bot/api/bot.go:462.15,464.3 1 0
dish_as_a_service/bot/api/bot.go:465.2,465.28 1 0
dish_as_a_service/bot/api/bot.go:469.68,472.72 2 0
dish_as_a_service/bot/api/bot.go:472.72,474.17 2 0
dish_as_a_service/bot/api/bot.go:474.17,480.4 5 0
dish_as_a_service/bot/api/bot.go:482.3,482.16 1 0
dish_as_a_service/bot/api/bot.go:485.2,485.11 1 0
dish_as_a_service/bot/api/bot.go:489.105,492.47 2 0
dish_as_a_service/bot/api/bot.go:492.47,494.17 2 0
dish_as_a_service/bot/api/bot.go:494.17,500.4 5 0
dish_as_a_service/bot/api/bot.go:502.3,503.12 2 0
dish_as_a_service/bot/api/bot.go:506.2,506.11 1 0
dish_as_a_service/bot/api/bot.go:510.67,511.33 1 0
dish_as_a_service/bot/api/bot.go:511.33,514.3 2 0
dish_as_a_service/bot/api/bot.go:516.2,518.16 3 0
dish_as_a_service/bot/api/bot.go:518.16,520.3 1 0
dish_as_a_service/bot/api/bot.go:522.2,522.21 1 0
dish_as_a_service/bot/api/bot.go:531.68,533.16 2 0
dish_as_a_service/bot/api/bot.go:533.16,535.3 1 0
dish_as_a_service/bot/api/bot.go:537.2,537.31 1 0
dish_as_a_service/bot/api/bot.go:537.31,538.39 1 0
dish_as_a_service/bot/api/bot.go:538.39,540.4 1 0
dish_as_a_service/bot/api/bot.go:543.2,548.12 5 0
dish_as_a_service/bot/api/bot.go:552.65,554.16 2 0
dish_as_a_service/bot/api/bot.go:554.16,556.3 1 0
dish_as_a_service/bot/api/bot.go:558.2,561.18 3 0
dish_as_a_service/bot/api/bot.go:568.97,570.16 2 0
dish_as_a_service/bot/api/bot.go:570.16,572.3 1 0
dish_as_a_service/bot/api/bot.go:574.2,577.21 3 0
dish_as_a_service/bot/api/bot.go:581.83,583.16 2 0
dish_as_a_service/bot/api/bot.go:583.16,585.3 1 0
dish_as_a_service/bot/api/bot.go:587.2,590.19 3 0
dish_as_a_service/bot/api/bot.go:594.82,596.16 2 0
dish_as_a_service/bot/api/bot.go:596.16,598.3 1 0
dish_as_a_service/bot/api/bot.go:600.2,603.20 3 0
dish_as_a_service/bot/api/bot.go:607.95,609.16 2 0
dish_as_a_service/bot/api/bot.go:609.16,611.3 1 0
dish_as_a_service/bot/api/bot.go:613.2,616.24 3 0
dish_as_a_service/bot/api/bot.go:620.79,622.16 2 0
dish_as_a_service/bot/api/bot.go:622.16,624.3 1 0
dish_as_a_service/bot/api/bot.go:626.2,629.24 3 0
dish_as_a_service/bot/api/bot.go:633.82,635.16 2 0
dish_as_a_service/bot/api/bot.go:635.16,637.3 1 0
dish_as_a_service/bot/api/bot.go:639.2,642.22 3 0
dish_as_a_service/bot/api/bot.go:646.66,648.16 2 0
dish_as_a_service/bot/api/bot.go:648.16,650.3 1 0
dish_as_a_service/bot/api/bot.go:652.2,655.18 3 0
dish_as_a_service/bot/api/bot.go:659.58,661.2 1 0
dish_as_a_service/bot/api/bot.go:664.94,666.16 2 0
dish_as_a_service/bot/api/bot.go:666.16,668.3 1 0
dish_as_a_service/bot/api/bot.go:670.2,673.22 3 0
dish_as_a_service/bot/api/bot.go:679.77,681.16 2 0
dish_as_a_service/bot/api/bot.go:681.16,683.3 1 0
dish_as_a_service/bot/api/bot.go:685.2,686.16 2 0
dish_as_a_service/bot/api/bot.go:686.16,688.3 1 0
dish_as_a_service/bot/api/bot.go:690.2,693.23 3 0
dish_as_a_service/bot/api/bot.go:703.55,706.27 2 0
dish_as_a_service/bot/api/bot.go:706.27,708.3 1 0
dish_as_a_service/bot/api/bot.go:708.8,708.38 1 0
dish_as_a_service/bot/api/bot.go:708.38,710.3 1 0
dish_as_a_service/bot/api/bot.go:710.8,710.40 1 0
dish_as_a_service/bot/api/bot.go:710.40,717.3 1 0
dish_as_a_service/bot/api/bot.go:717.8,719.3 1 0
dish_as_a_service/bot/api/bot.go:721.2,721.31 1 0
dish_as_a_service/bot/api/configs.go:142.40,144.2 1 0
dish_as_a_service/bot/api/configs.go:146.61,148.2 1 0
dish_as_a_service/bot/api/configs.go:150.39,151.37 1 0
dish_as_a_service/bot/api/configs.go:160.41,162.2 1 0
dish_as_a_service/bot/api/configs.go:164.62,166.2 1 0
dish_as_a_service/bot/api/configs.go:168.40,169.38 1 0
dish_as_a_service/bot/api/configs.go:175.39,177.2 1 0
dish_as_a_service/bot/api/configs.go:179.60,181.16 2 0
dish_as_a_service/bot/api/configs.go:181.16,183.3 1 0
dish_as_a_service/bot/api/configs.go:185.2,186.30 2 0
dish_as_a_service/bot/api/configs.go:189.38,190.36 1 0
dish_as_a_service/bot/api/configs.go:196.38,198.2 1 0
dish_as_a_service/bot/api/configs.go:200.59,201.37 1 0
dish_as_a_service/bot/api/configs.go:204.37,206.2 1 0
dish_as_a_service/bot/api/configs.go:211.37,213.2 1 0
dish_as_a_service/bot/api/configs.go:215.58,216.36 1 0
dish_as_a_service/bot/api/configs.go:219.36,221.2 1 0
dish_as_a_service/bot/api/configs.go:226.41,228.2 1 0
dish_as_a_service/bot/api/configs.go:230.62,231.40 1 0
dish_as_a_service/bot/api/configs.go:234.40,236.2 1 0
dish_as_a_service/bot/api/configs.go:243.37,245.2 1 0
dish_as_a_service/bot/api/configs.go:247.46,249.2 1 0
dish_as_a_service/bot/api/configs.go:257.36,259.2 1 0
dish_as_a_service/bot/api/configs.go:261.45,263.2 1 0
dish_as_a_service/bot/api/configs.go:275.48,286.2 7 0
dish_as_a_service/bot/api/configs.go:294.47,296.2 1 0
dish_as_a_service/bot/api/configs.go:307.47,310.32 2 0
dish_as_a_service/bot/api/configs.go:310.32,312.3 1 0
dish_as_a_service/bot/api/configs.go:312.8,315.3 2 0
dish_as_a_service/bot/api/configs.go:317.2,319.20 2 0
dish_as_a_service/bot/api/configs.go:331.54,333.16 2 0
dish_as_a_service/bot/api/configs.go:333.16,335.3 1 0
dish_as_a_service/bot/api/configs.go:337.2,342.20 5 0
dish_as_a_service/bot/api/configs.go:345.45,347.2 1 0
dish_as_a_service/bot/api/configs.go:357.54,359.16 2 0
dish_as_a_service/bot/api/configs.go:359.16,361.3 1 0
dish_as_a_service/bot/api/configs.go:363.2,366.20 3 0
dish_as_a_service/bot/api/configs.go:369.45,371.2 1 0
dish_as_a_service/bot/api/configs.go:384.58,386.16 2 0
dish_as_a_service/bot/api/configs.go:386.16,388.3 1 0
dish_as_a_service/bot/api/configs.go:390.2,396.20 6 0
dish_as_a_service/bot/api/configs.go:399.49,401.2 1 0
dish_as_a_service/bot/api/configs.go:412.52,414.16 2 0
dish_as_a_service/bot/api/configs.go:414.16,416.3 1 0
dish_as_a_service/bot/api/configs.go:418.2,422.20 4 0
dish_as_a_service/bot/api/configs.go:425.43,427.2 1 0
dish_as_a_service/bot/api/configs.go:429.49,435.25 2 0
dish_as_a_service/bot/api/configs.go:435.25,440.3 1 0
dish_as_a_service/bot/api/configs.go:442.2,442.14 1 0
dish_as_a_service/bot/api/configs.go:457.52,459.16 2 0
dish_as_a_service/bot/api/configs.go:459.16,461.3 1 0
dish_as_a_service/bot/api/configs.go:463.2,470.20 7 0
dish_as_a_service/bot/api/configs.go:473.43,475.2 1 0
dish_as_a_service/bot/api/configs.go:477.49,483.25 2 0
dish_as_a_service/bot/api/configs.go:483.25,488.3 1 0
dish_as_a_service/bot/api/configs.go:490.2,490.14 1 0
dish_as_a_service/bot/api/configs.go:503.55,511.2 5 0
dish_as_a_service/bot/api/configs.go:513.46,515.2 1 0
dish_as_a_service/bot/api/configs.go:517.52,523.25 2 0
dish_as_a_service/bot/api/configs.go:523.25,528.3 1 0
dish_as_a_service/bot/api/configs.go:530.2,530.14 1 0
dish_as_a_service/bot/api/configs.go:538.54,540.2 1 0
dish_as_a_service/bot/api/configs.go:542.45,544.2 1 0
dish_as_a_service/bot/api/configs.go:546.51,551.2 1 0
dish_as_a_service/bot/api/configs.go:564.52,566.16 2 0
dish_as_a_service/bot/api/configs.go:566.16,568.3 1 0
dish_as_a_service/bot/api/configs.go:570.2,576.20 6 0
dish_as_a_service/bot/api/configs.go:579.43,581.2 1 0
dish_as_a_service/bot/api/configs.go:583.49,589.25 2 0
dish_as_a_service/bot/api/configs.go:589.25,594.3 1 0
dish_as_a_service/bot/api/configs.go:596.2,596.14 1 0
dish_as_a_service/bot/api/configs.go:609.56,611.16 2 0
dish_as_a_service/bot/api/configs.go:611.16,613.3 1 0
dish_as_a_service/bot/api/configs.go:615.2,620.20 5 0
dish_as_a_service/bot/api/configs.go:623.47,625.2 1 0
dish_as_a_service/bot/api/configs.go:627.53,633.25 2 0
[...]
dish_as_a_service/controller/dishes_categories.go:55.120,57.9 2 0
dish_as_a_service/controller/dishes_categories.go:58.54,63.4 1 0
dish_as_a_service/controller/dishes_categories.go:64.18,65.18 1 0
dish_as_a_service/controller/dishes_categories.go:66.10,67.24 1 0
dish_as_a_service/controller/dishes_categories.go:86.128,88.16 2 0
dish_as_a_service/controller/dishes_categories.go:88.16,90.3 1 0
dish_as_a_service/controller/dishes_categories.go:91.2,91.49 1 0
dish_as_a_service/controller/dishes_categories.go:113.103,115.9 2 0
dish_as_a_service/controller/dishes_categories.go:116.54,122.4 1 0
dish_as_a_service/controller/dishes_categories.go:123.18,124.13 1 0
dish_as_a_service/controller/dishes_categories.go:125.10,126.13 1 0
dish_as_a_service/controller/dishes_categories.go:144.103,146.2 1 0
dish_as_a_service/controller/order.go:21.43,25.2 1 0
dish_as_a_service/controller/order.go:39.120,41.9 2 0
dish_as_a_service/controller/order.go:42.46,43.114 1 0
dish_as_a_service/controller/order.go:44.50,45.114 1 0
dish_as_a_service/controller/order.go:46.18,47.18 1 0
dish_as_a_service/controller/order.go:48.10,49.60 1 0
dish_as_a_service/controller/user.go:22.40,26.2 1 1
dish_as_a_service/controller/user.go:44.50,46.9 2 1
dish_as_a_service/controller/user.go:47.46,53.4 1 1
dish_as_a_service/controller/user.go:54.18,55.18 1 0
dish_as_a_service/controller/user.go:56.10,57.68 1 1
dish_as_a_service/controller/user.go:72.112,74.9 2 1
dish_as_a_service/controller/user.go:75.46,81.4 1 1
dish_as_a_service/controller/user.go:82.18,83.18 1 0
dish_as_a_service/controller/user.go:84.10,85.60 1 1
dish_as_a_service/controller/utils.go:9.50,10.13 1 1
dish_as_a_service/controller/utils.go:10.13,12.3 1 1
dish_as_a_service/controller/utils.go:13.2,16.30 3 1
dish_as_a_service/controller/utils.go:16.30,18.17 2 1
dish_as_a_service/controller/utils.go:18.17,20.4 1 0
dish_as_a_service/controller/utils.go:21.3,21.22 1 1
dish_as_a_service/controller/utils.go:23.2,23.17 1 1
dish_as_a_service/repository/dish.go:18.35,22.2 1 1
dish_as_a_service/repository/dish.go:24.85,36.16 4 1
dish_as_a_service/repository/dish.go:36.16,38.3 1 0
dish_as_a_service/repository/dish.go:39.2,39.17 1 1
dish_as_a_service/repository/dish.go:42.78,46.16 2 1
dish_as_a_service/repository/dish.go:46.16,48.3 1 0
dish_as_a_service/repository/dish.go:49.2,54.16 5 1
dish_as_a_service/repository/dish.go:54.16,56.3 1 0
dish_as_a_service/repository/dish.go:58.2,58.29 1 1
dish_as_a_service/repository/dish.go:58.29,62.40 4 1
dish_as_a_service/repository/dish.go:62.40,65.4 2 1
dish_as_a_service/repository/dish.go:66.3,69.17 3 1
dish_as_a_service/repository/dish.go:69.17,71.4 1 0
dish_as_a_service/repository/dish.go:74.2,75.16 2 1
dish_as_a_service/repository/dish.go:75.16,77.3 1 0
dish_as_a_service/repository/dish.go:78.2,78.12 1 1
dish_as_a_service/repository/dish.go:81.87,94.16 4 1
dish_as_a_service/repository/dish.go:94.16,96.3 1 0
dish_as_a_service/repository/dish.go:97.2,97.17 1 1
dish_as_a_service/repository/dishes_categories.go:18.59,20.2 1 1
dish_as_a_service/repository/dishes_categories.go:22.93,25.16 3 0
dish_as_a_service/repository/dishes_categories.go:25.16,27.3 1 0
dish_as_a_service/repository/dishes_categories.go:28.2,28.24 1 0
dish_as_a_service/repository/dishes_categories.go:31.99,34.9 3 0
dish_as_a_service/repository/dishes_categories.go:35.37,36.63 1 0
dish_as_a_service/repository/dishes_categories.go:37.18,38.73 1 0
dish_as_a_service/repository/dishes_categories.go:39.10,40.23 1 0
dish_as_a_service/repository/dishes_categories.go:44.92,55.16 4 0
dish_as_a_service/repository/dishes_categories.go:55.16,57.3 1 0
dish_as_a_service/repository/dishes_categories.go:58.2,58.16 1 0
dish_as_a_service/repository/dishes_categories.go:61.95,66.9 4 0
dish_as_a_service/repository/dishes_categories.go:67.55,68.40 1 0
dish_as_a_service/repository/dishes_categories.go:69.18,70.50 1 0
dish_as_a_service/repository/dishes_categories.go:71.10,72.13 1 0
dish_as_a_service/repository/dishes_categories.go:76.79,78.16 2 0
dish_as_a_service/repository/dishes_categories.go:78.16,80.3 1 0
dish_as_a_service/repository/dishes_categories.go:81.2,81.12 1 0
dish_as_a_service/repository/images.go:21.76,27.2 1 1
dish_as_a_service/repository/images.go:34.96,41.16 4 0
dish_as_a_service/repository/images.go:41.16,43.3 1 0
dish_as_a_service/repository/images.go:45.2,46.16 2 0
dish_as_a_service/repository/images.go:46.16,48.3 1 0
dish_as_a_service/repository/images.go:49.2,50.38 2 0
dish_as_a_service/repository/images.go:50.38,52.3 1 0
dish_as_a_service/repository/images.go:54.2,56.16 3 0
dish_as_a_service/repository/images.go:56.16,58.3 1 0
dish_as_a_service/repository/images.go:60.2,60.32 1 0
dish_as_a_service/repository/images.go:63.81,67.16 3 0
dish_as_a_service/repository/images.go:67.16,69.3 1 0
dish_as_a_service/repository/images.go:70.2,71.16 2 0
dish_as_a_service/repository/images.go:71.16,73.3 1 0
dish_as_a_service/repository/images.go:74.2,76.12 2 0
dish_as_a_service/repository/images.go:79.61,80.19 1 1
dish_as_a_service/repository/images.go:80.19,82.3 1 0
dish_as_a_service/repository/images.go:83.2,83.67 1 1
dish_as_a_service/repository/images.go:86.91,88.16 2 0
dish_as_a_service/repository/images.go:88.16,90.3 1 0
dish_as_a_service/repository/images.go:92.2,94.16 3 0
dish_as_a_service/repository/images.go:94.16,96.3 1 0
dish_as_a_service/repository/images.go:97.2,97.21 1 0
dish_as_a_service/repository/order.go:18.37,22.2 1 0
dish_as_a_service/repository/order.go:25.77,27.16 2 0
dish_as_a_service/repository/order.go:27.16,29.3 1 0
dish_as_a_service/repository/order.go:30.2,34.16 4 0
dish_as_a_service/repository/order.go:34.16,36.3 1 0
dish_as_a_service/repository/order.go:38.2,41.35 4 0
dish_as_a_service/repository/order.go:41.35,49.3 2 0
dish_as_a_service/repository/order.go:51.2,54.16 3 0
dish_as_a_service/repository/order.go:54.16,56.3 1 0
dish_as_a_service/repository/order.go:57.2,58.16 2 0
dish_as_a_service/repository/order.go:58.16,60.3 1 0
dish_as_a_service/repository/order.go:61.2,61.12 1 0
dish_as_a_service/repository/order.go:64.88,67.16 3 0
dish_as_a_service/repository/order.go:67.16,69.3 1 0
dish_as_a_service/repository/order.go:70.2,70.12 1 0
dish_as_a_service/repository/order.go:73.85,78.12 4 0
dish_as_a_service/repository/order.go:78.12,82.17 4 0
dish_as_a_service/repository/order.go:82.17,85.4 2 0
dish_as_a_service/repository/order.go:86.3,87.17 2 0
dish_as_a_service/repository/order.go:89.2,89.12 1 0
dish_as_a_service/repository/order.go:89.12,97.17 4 0
dish_as_a_service/repository/order.go:97.17,100.4 2 0
dish_as_a_service/repository/order.go:101.3,102.17 2 0
dish_as_a_service/repository/order.go:105.2,109.6 5 0
dish_as_a_service/repository/order.go:109.6,110.10 1 0
dish_as_a_service/repository/order.go:111.21,112.61 1 0
dish_as_a_service/repository/order.go:113.25,114.58 1 0
dish_as_a_service/repository/order.go:115.33,116.17 1 0
dish_as_a_service/repository/order.go:116.17,117.13 1 0
dish_as_a_service/repository/order.go:119.4,119.17 1 0
dish_as_a_service/repository/order.go:119.17,123.5 3 0
dish_as_a_service/repository/order.go:124.4,125.23 2 0
dish_as_a_service/repository/order.go:126.34,127.17 1 0
dish_as_a_service/repository/order.go:127.17,128.13 1 0
dish_as_a_service/repository/order.go:130.4,130.17 1 0
dish_as_a_service/repository/order.go:130.17,133.5 2 0
dish_as_a_service/repository/order.go:134.4,135.24 2 0
dish_as_a_service/repository/order.go:140.83,145.16 4 0
dish_as_a_service/repository/order.go:145.16,147.3 1 0
dish_as_a_service/repository/order.go:148.2,148.22 1 0
dish_as_a_service/repository/order.go:151.96,154.16 3 0
dish_as_a_service/repository/order.go:154.16,156.3 1 0
dish_as_a_service/repository/order.go:157.2,157.12 1 0
dish_as_a_service/repository/secret.go:7.38,11.2 1 1
dish_as_a_service/repository/secret.go:13.36,15.2 1 0
dish_as_a_service/repository/user.go:17.35,21.2 1 1
dish_as_a_service/repository/user.go:23.77,25.16 2 1
dish_as_a_service/repository/user.go:25.16,27.3 1 0
dish_as_a_service/repository/user.go:28.2,32.16 4 1
dish_as_a_service/repository/user.go:32.16,34.3 1 0
dish_as_a_service/repository/user.go:36.2,36.26 1 1
dish_as_a_service/repository/user.go:36.26,39.17 3 1
dish_as_a_service/repository/user.go:39.17,41.4 1 0
dish_as_a_service/repository/user.go:44.2,45.16 2 1
dish_as_a_service/repository/user.go:45.16,47.3 1 0
dish_as_a_service/repository/user.go:48.2,48.12 1 1
dish_as_a_service/repository/user.go:51.84,55.9 4 0
dish_as_a_service/repository/user.go:56.37,57.47 1 0
dish_as_a_service/repository/user.go:58.18,59.65 1 0
dish_as_a_service/repository/user.go:60.10,61.19 1 0
dish_as_a_service/repository/user.go:65.71,69.16 4 0
dish_as_a_service/repository/user.go:69.16,71.3 1 0
dish_as_a_service/repository/user.go:72.2,72.21 1 0
dish_as_a_service/repository/user.go:75.69,80.9 4 1
dish_as_a_service/repository/user.go:81.37,82.39 1 1
dish_as_a_service/repository/user.go:83.18,84.56 1 0
dish_as_a_service/repository/user.go:85.10,86.22 1 1
dish_as_a_service/repository/user.go:89.2,89.21 1 0
dish_as_a_service/repository/user.go:92.68,96.16 4 0
dish_as_a_service/repository/user.go:96.16,98.3 1 0
dish_as_a_service/repository/user.go:100.2,100.17 1 0
dish_as_a_service/repository/user.go:103.80,107.9 4 0
dish_as_a_service/repository/user.go:108.37,109.35 1 0
dish_as_a_service/repository/user.go:110.18,111.62 1 0
dish_as_a_service/repository/user.go:112.10,113.21 1 0
dish_as_a_service/repository/user.go:117.92,121.9 4 1
dish_as_a_service/repository/user.go:122.37,123.36 1 1
dish_as_a_service/repository/user.go:124.18,125.63 1 0
dish_as_a_service/repository/user.go:126.10,127.21 1 1
dish_as_a_service/repository/user.go:131.68,134.16 3 0
dish_as_a_service/repository/user.go:134.16,136.3 1 0
dish_as_a_service/repository/user.go:137.2,137.54 1 0
dish_as_a_service/repository/user.go:137.54,139.3 1 0
dish_as_a_service/repository/user.go:140.2,140.12 1 0
dish_as_a_service/repository/user.go:143.71,150.16 3 0
dish_as_a_service/repository/user.go:150.16,152.3 1 0
dish_as_a_service/repository/user.go:153.2,153.54 1 0
dish_as_a_service/repository/user.go:153.54,155.3 1 0
dish_as_a_service/repository/user.go:156.2,156.12 1 0
dish_as_a_service/routes/middlewares.go:25.52,27.2 1 1
dish_as_a_service/routes/middlewares.go:29.75,30.81 1 1
dish_as_a_service/routes/middlewares.go:30.81,32.19 2 1
dish_as_a_service/routes/middlewares.go:32.19,35.4 1 0
dish_as_a_service/routes/middlewares.go:36.3,37.17 2 1
dish_as_a_service/routes/middlewares.go:37.17,39.4 1 0
dish_as_a_service/routes/middlewares.go:40.3,40.15 1 1
dish_as_a_service/routes/middlewares.go:40.15,43.4 1 1
dish_as_a_service/routes/middlewares.go:44.3,44.25 1 1
dish_as_a_service/routes/router.go:18.94,20.46 2 1
dish_as_a_service/routes/router.go:20.46,21.19 1 1
dish_as_a_service/routes/router.go:21.19,24.4 2 1
dish_as_a_service/routes/router.go:24.9,26.4 1 1
dish_as_a_service/routes/router.go:29.2,29.12 1 1
dish_as_a_service/routes/router.go:39.57,96.2 1 1
dish_as_a_service/service/dish.go:35.76,41.2 1 1
dish_as_a_service/service/dish.go:43.85,44.16 1 1
dish_as_a_service/service/dish.go:44.16,46.3 1 1
dish_as_a_service/service/dish.go:47.2,48.16 2 1
dish_as_a_service/service/dish.go:48.16,50.3 1 0
dish_as_a_service/service/dish.go:51.2,52.25 2 1
dish_as_a_service/service/dish.go:52.25,54.3 1 1
dish_as_a_service/service/dish.go:55.2,55.23 1 1
dish_as_a_service/service/dish.go:58.81,60.16 2 1
dish_as_a_service/service/dish.go:60.16,62.3 1 0
dish_as_a_service/service/dish.go:63.2,64.25 2 1
dish_as_a_service/service/dish.go:64.25,66.3 1 1
dish_as_a_service/service/dish.go:67.2,67.23 1 1
dish_as_a_service/service/dish.go:70.77,73.24 3 1
dish_as_a_service/service/dish.go:73.24,75.17 2 0
dish_as_a_service/service/dish.go:75.17,77.4 1 0
dish_as_a_service/service/dish.go:80.2,88.16 3 1
dish_as_a_service/service/dish.go:88.16,89.25 1 0
dish_as_a_service/service/dish.go:89.25,91.21 2 0
dish_as_a_service/service/dish.go:91.21,94.5 1 0
dish_as_a_service/service/dish.go:96.3,96.45 1 0
dish_as_a_service/service/dish.go:98.2,98.12 1 1
dish_as_a_service/service/dish.go:101.60,103.27 2 1
dish_as_a_service/service/dish.go:103.27,105.3 1 1
dish_as_a_service/service/dish.go:106.2,113.3 1 1
dish_as_a_service/service/dishes_categories.go:23.70,25.2 1 1
dish_as_a_service/service/dishes_categories.go:27.93,29.16 2 0
dish_as_a_service/service/dishes_categories.go:29.16,31.3 1 0
dish_as_a_service/service/dishes_categories.go:32.2,33.38 2 0
dish_as_a_service/service/dishes_categories.go:33.38,38.3 1 0
dish_as_a_service/service/dishes_categories.go:39.2,39.30 1 0
dish_as_a_service/service/dishes_categories.go:42.99,44.16 2 0
dish_as_a_service/service/dishes_categories.go:44.16,46.3 1 0
dish_as_a_service/service/dishes_categories.go:47.2,50.8 1 0
dish_as_a_service/service/dishes_categories.go:52.92,54.16 2 0
dish_as_a_service/service/dishes_categories.go:54.16,56.3 1 0
dish_as_a_service/service/dishes_categories.go:57.2,57.16 1 0
dish_as_a_service/service/dishes_categories.go:60.103,62.16 2 0
dish_as_a_service/service/dishes_categories.go:62.16,64.3 1 0
dish_as_a_service/service/dishes_categories.go:65.2,65.12 1 0
dish_as_a_service/service/dishes_categories.go:68.79,70.16 2 0
dish_as_a_service/service/dishes_categories.go:70.16,72.3 1 0
dish_as_a_service/service/dishes_categories.go:73.2,73.12 1 0
dish_as_a_service/service/order.go:37.96,43.2 1 0
dish_as_a_service/service/order.go:45.88,47.16 2 0
dish_as_a_service/service/order.go:47.16,49.3 1 0
dish_as_a_service/service/order.go:51.2,51.12 1 0
dish_as_a_service/service/order.go:54.85,56.16 2 0
dish_as_a_service/service/order.go:56.16,58.3 1 0
dish_as_a_service/service/order.go:59.2,59.19 1 0
dish_as_a_service/service/order.go:62.98,63.63 1 0
dish_as_a_service/service/order.go:63.63,65.3 1 0
dish_as_a_service/service/order.go:67.2,68.16 2 0
dish_as_a_service/service/order.go:68.16,70.3 1 0
dish_as_a_service/service/order.go:71.2,71.30 1 0
dish_as_a_service/service/order.go:71.30,72.17 1 0
dish_as_a_service/service/order.go:72.17,74.4 1 0
dish_as_a_service/service/order.go:77.2,78.16 2 0
dish_as_a_service/service/order.go:78.16,80.3 1 0
dish_as_a_service/service/order.go:81.2,81.31 1 0
dish_as_a_service/service/order.go:81.31,83.3 1 0
dish_as_a_service/service/order.go:85.2,86.24 2 0
dish_as_a_service/service/order.go:86.24,88.3 1 0
dish_as_a_service/service/order.go:90.2,92.31 3 0
dish_as_a_service/service/order.go:92.31,101.3 2 0
dish_as_a_service/service/order.go:102.2,113.16 3 0
dish_as_a_service/service/order.go:113.16,115.3 1 0
dish_as_a_service/service/order.go:117.2,118.16 2 0
dish_as_a_service/service/order.go:118.16,120.3 1 0
dish_as_a_service/service/order.go:121.2,121.17 1 0
dish_as_a_service/service/order.go:124.83,126.16 2 0
dish_as_a_service/service/order.go:126.16,128.3 1 0
dish_as_a_service/service/order.go:129.2,129.22 1 0
dish_as_a_service/service/order.go:132.73,134.22 2 0
dish_as_a_service/service/order.go:134.22,136.17 2 0
dish_as_a_service/service/order.go:136.17,138.4 1 0
dish_as_a_service/service/order.go:139.3,139.23 1 0
dish_as_a_service/service/order.go:141.2,141.17 1 0
dish_as_a_service/service/user.go:32.49,37.2 1 1
dish_as_a_service/service/user.go:39.77,41.26 2 1
dish_as_a_service/service/user.go:41.26,46.3 1 1
dish_as_a_service/service/user.go:47.2,54.16 3 1
dish_as_a_service/service/user.go:54.16,56.3 1 0
dish_as_a_service/service/user.go:57.2,57.12 1 1
dish_as_a_service/service/user.go:60.73,62.16 2 1
dish_as_a_service/service/user.go:62.16,64.3 1 1
dish_as_a_service/service/user.go:65.2,65.21 1 1
dish_as_a_service/service/user.go:68.64,70.16 2 0
dish_as_a_service/service/user.go:70.16,72.3 1 0
dish_as_a_service/service/user.go:74.2,75.26 2 0
dish_as_a_service/service/user.go:75.26,81.3 1 0
dish_as_a_service/service/user.go:82.2,82.23 1 0
dish_as_a_service/service/user.go:84.68,86.16 2 0
dish_as_a_service/service/user.go:86.16,88.3 1 0
dish_as_a_service/service/user.go:89.2,89.12 1 0
dish_as_a_service/service/user.go:92.76,94.16 2 0
dish_as_a_service/service/user.go:94.16,96.3 1 0
dish_as_a_service/service/user.go:97.2,97.20 1 0
dish_as_a_service/service/user.go:100.92,102.16 2 1
dish_as_a_service/service/user.go:102.16,104.3 1 1
dish_as_a_service/service/user.go:105.2,105.20 1 1
dish_as_a_service/service/user.go:108.91,109.40 1 0
dish_as_a_service/service/user.go:109.40,111.3 1 0
dish_as_a_service/service/user.go:113.2,114.16 2 0
dish_as_a_service/service/user.go:114.16,116.3 1 0
dish_as_a_service/service/user.go:117.2,117.12 1 0
dish_as_a_service/service/user.go:120.65,122.2 1 0
dish_as_a_service/service/payment/observer.go:14.43,18.2 1 0
dish_as_a_service/service/payment/observer.go:20.66,25.2 1 0
dish_as_a_service/service/payment/observer.go:27.68,29.2 1 0
dish_as_a_service/service/payment/observer.go:31.104,37.2 1 0
dish_as_a_service/service/payment/observer.go:39.80,44.2 1 0
dish_as_a_service/service/payment/observer.go:46.91,51.2 1 0
dish_as_a_service/service/payment/observer.go:53.54,54.2 0 0
dish_as_a_service/service/payment/observer.go:56.63,58.2 1 0
dish_as_a_service/service/payment/payment.go:31.11,36.2 1 0
dish_as_a_service/service/payment/payment.go:38.99,40.9 2 0
dish_as_a_service/service/payment/payment.go:40.9,42.3 1 0
dish_as_a_service/service/payment/payment.go:43.2,44.16 2 0
dish_as_a_service/service/payment/payment.go:44.16,46.3 1 0
dish_as_a_service/service/payment/payment.go:48.2,49.16 2 0
dish_as_a_service/service/payment/payment.go:49.16,51.3 1 0
dish_as_a_service/service/payment/payment.go:53.2,53.17 1 0
dish_as_a_service/service/payment/payment.go:56.59,59.2 2 0
dish_as_a_service/service/payment/expiration/controller.go:20.65,24.2 1 0
dish_as_a_service/service/payment/expiration/controller.go:29.83,32.16 3 0
dish_as_a_service/service/payment/expiration/controller.go:32.16,34.3 1 0
dish_as_a_service/service/payment/expiration/controller.go:36.2,37.16 2 0
dish_as_a_service/service/payment/expiration/controller.go:37.16,39.3 1 0
dish_as_a_service/service/payment/expiration/controller.go:41.2,41.25 1 0
dish_as_a_service/service/payment/expiration/service.go:17.81,22.2 1 0
dish_as_a_service/service/payment/expiration/service.go:30.73,36.16 3 0
dish_as_a_service/service/payment/expiration/service.go:36.16,38.3 1 0
dish_as_a_service/service/payment/expiration/service.go:40.2,48.16 2 0
dish_as_a_service/service/payment/expiration/service.go:48.16,50.3 1 0
dish_as_a_service/service/payment/expiration/service.go:51.2,51.12 1 0
dish_as_a_service/service/payment/expiration/worker.go:18.39,22.2 1 0
dish_as_a_service/service/payment/expiration/worker.go:24.80,26.16 2 0
dish_as_a_service/service/payment/expiration/worker.go:26.16,28.3 1 0
dish_as_a_service/service/payment/expiration/worker.go:29.2,29.12 1 0
dish_as_a_service/service/payment/telegram/controller.go:20.65,24.2 1 0
dish_as_a_service/service/payment/telegram/controller.go:29.83,32.16 3 0
dish_as_a_service/service/payment/telegram/controller.go:32.16,34.3 1 0
dish_as_a_service/service/payment/telegram/controller.go:36.2,37.16 2 0
dish_as_a_service/service/payment/telegram/controller.go:37.16,39.3 1 0
dish_as_a_service/service/payment/telegram/controller.go:41.2,41.25 1 0
dish_as_a_service/service/payment/telegram/service.go:21.63,26.2 1 0
dish_as_a_service/service/payment/telegram/service.go:34.84,36.16 2 0
dish_as_a_service/service/payment/telegram/service.go:36.16,38.3 1 0
dish_as_a_service/service/payment/telegram/service.go:40.2,46.16 3 0
dish_as_a_service/service/payment/telegram/service.go:46.16,48.3 1 0
dish_as_a_service/service/payment/telegram/service.go:50.2,58.16 2 0
dish_as_a_service/service/payment/telegram/service.go:58.16,60.3 1 0
dish_as_a_service/service/payment/telegram/service.go:61.2,61.16 1 0
dish_as_a_service/service/payment/telegram/worker.go:18.39,22.2 1 0
dish_as_a_service/service/payment/telegram/worker.go:24.80,26.16 2 0
dish_as_a_service/service/payment/telegram/worker.go:26.16,28.3 1 0
dish_as_a_service/service/payment/telegram/worker.go:29.2,29.12 1 0
